<?xml version="1.0" encoding="UTF-8"?>
<!-- Generated by org.testng.reporters.JUnitXMLReporter -->
<testsuite ignored="0" hostname="DESKTOP-LHVEUFN" failures="1" tests="50" name="Default test" time="2245.33" errors="0" timestamp="17 Oct 2022 09:30:40 GMT">
  <testcase classname="com.bobcares.testcases.branding" name="f1" time="47.718"/>
  <testcase classname="com.bobcares.testcases.branding" name="f1" time="43.198"/>
  <testcase classname="com.bobcares.testcases.branding" name="f1" time="40.785"/>
  <testcase classname="com.bobcares.testcases.branding" name="f1" time="48.077"/>
  <testcase classname="com.bobcares.testcases.branding" name="f1" time="49.257"/>
  <testcase classname="com.bobcares.testcases.branding" name="f1" time="47.695"/>
  <testcase classname="com.bobcares.testcases.branding" name="f1" time="45.111"/>
  <testcase classname="com.bobcares.testcases.branding" name="f1" time="41.647"/>
  <testcase classname="com.bobcares.testcases.branding" name="f1" time="47.972"/>
  <testcase classname="com.bobcares.testcases.branding" name="f1" time="47.005"/>
  <testcase classname="com.bobcares.testcases.branding" name="f1" time="44.911"/>
  <testcase classname="com.bobcares.testcases.branding" name="f1" time="45.064"/>
  <testcase classname="com.bobcares.testcases.branding" name="f1" time="42.487"/>
  <testcase classname="com.bobcares.testcases.branding" name="f1" time="47.036"/>
  <testcase classname="com.bobcares.testcases.branding" name="f1" time="48.664"/>
  <testcase classname="com.bobcares.testcases.branding" name="f1" time="45.209"/>
  <testcase classname="com.bobcares.testcases.branding" name="f1" time="45.042"/>
  <testcase classname="com.bobcares.testcases.branding" name="f1" time="42.025"/>
  <testcase classname="com.bobcares.testcases.branding" name="f1" time="40.783"/>
  <testcase classname="com.bobcares.testcases.branding" name="f1" time="47.162"/>
  <testcase classname="com.bobcares.testcases.branding" name="f1" time="43.555"/>
  <testcase classname="com.bobcares.testcases.branding" name="f1" time="42.337"/>
  <testcase classname="com.bobcares.testcases.branding" name="f1" time="40.67"/>
  <testcase classname="com.bobcares.testcases.branding" name="f1" time="46.485"/>
  <testcase classname="com.bobcares.testcases.branding" name="f1" time="47.631"/>
  <testcase classname="com.bobcares.testcases.branding" name="f1" time="47.4"/>
  <testcase classname="com.bobcares.testcases.branding" name="f1" time="59.919"/>
  <testcase classname="com.bobcares.testcases.branding" name="f1" time="43.467"/>
  <testcase classname="com.bobcares.testcases.branding" name="f1" time="46.441"/>
  <testcase classname="com.bobcares.testcases.branding" name="f1" time="49.96"/>
  <testcase classname="com.bobcares.testcases.branding" name="f1" time="44.355"/>
  <testcase classname="com.bobcares.testcases.branding" name="f1" time="37.222"/>
  <testcase classname="com.bobcares.testcases.branding" name="f1" time="43.19"/>
  <testcase classname="com.bobcares.testcases.branding" name="f1" time="45.068"/>
  <testcase classname="com.bobcares.testcases.branding" name="f1" time="44.406"/>
  <testcase classname="com.bobcares.testcases.branding" name="f1" time="47.173"/>
  <testcase classname="com.bobcares.testcases.branding" name="f1" time="40.729"/>
  <testcase classname="com.bobcares.testcases.branding" name="f1" time="42.298"/>
  <testcase classname="com.bobcares.testcases.branding" name="f1" time="44.745"/>
  <testcase classname="com.bobcares.testcases.branding" name="f1" time="46.141"/>
  <testcase classname="com.bobcares.testcases.branding" name="f1" time="29.666">
    <failure type="org.openqa.selenium.NoSuchElementException" message="Unable to locate element: //span[contains(text(),&amp;apos;Insights&amp;apos;)]
For documentation on this error, please visit: https://www.seleniumhq.org/exceptions/no_such_element.html
Build info: version: &amp;apos;3.141.59&amp;apos;, revision: &amp;apos;e82be7d358&amp;apos;, time: &amp;apos;2018-11-14T08:25:59&amp;apos;
System info: host: &amp;apos;DESKTOP-LHVEUFN&amp;apos;, ip: &amp;apos;172.17.6.112&amp;apos;, os.name: &amp;apos;Windows 10&amp;apos;, os.arch: &amp;apos;amd64&amp;apos;, os.version: &amp;apos;10.0&amp;apos;, java.version: &amp;apos;17.0.1&amp;apos;
Driver info: org.openqa.selenium.firefox.FirefoxDriver
Capabilities {acceptInsecureCerts: true, browserName: firefox, browserVersion: 105.0.3, javascriptEnabled: true, moz:accessibilityChecks: false, moz:buildID: 20221007134813, moz:geckodriverVersion: 0.31.0, moz:headless: true, moz:platformVersion: 10.0, moz:processID: 8972, moz:profile: C:\Users\nandu\AppData\Loca..., moz:shutdownTimeout: 60000, moz:useNonSpecCompliantPointerOrigin: false, moz:webdriverClick: true, moz:windowless: false, pageLoadStrategy: normal, platform: WINDOWS, platformName: WINDOWS, proxy: Proxy(), setWindowRect: true, strictFileInteractability: false, timeouts: {implicit: 0, pageLoad: 300000, script: 30000}, unhandledPromptBehavior: dismiss and notify}
Session ID: 34025ceb-4942-47ad-be41-ff7c7c2efd1c
*** Element info: {Using=xpath, value=//span[contains(text(),&amp;apos;Insights&amp;apos;)]}">
      <![CDATA[org.openqa.selenium.NoSuchElementException: Unable to locate element: //span[contains(text(),'Insights')]For documentation on this error, please visit: https://www.seleniumhq.org/exceptions/no_such_element.htmlBuild info: version: '3.141.59', revision: 'e82be7d358', time: '2018-11-14T08:25:59'System info: host: 'DESKTOP-LHVEUFN', ip: '172.17.6.112', os.name: 'Windows 10', os.arch: 'amd64', os.version: '10.0', java.version: '17.0.1'Driver info: org.openqa.selenium.firefox.FirefoxDriverCapabilities {acceptInsecureCerts: true, browserName: firefox, browserVersion: 105.0.3, javascriptEnabled: true, moz:accessibilityChecks: false, moz:buildID: 20221007134813, moz:geckodriverVersion: 0.31.0, moz:headless: true, moz:platformVersion: 10.0, moz:processID: 8972, moz:profile: C:\Users\nandu\AppData\Loca..., moz:shutdownTimeout: 60000, moz:useNonSpecCompliantPointerOrigin: false, moz:webdriverClick: true, moz:windowless: false, pageLoadStrategy: normal, platform: WINDOWS, platformName: WINDOWS, proxy: Proxy(), setWindowRect: true, strictFileInteractability: false, timeouts: {implicit: 0, pageLoad: 300000, script: 30000}, unhandledPromptBehavior: dismiss and notify}Session ID: 34025ceb-4942-47ad-be41-ff7c7c2efd1c*** Element info: {Using=xpath, value=//span[contains(text(),'Insights')]}at java.base/jdk.internal.reflect.NativeConstructorAccessorImpl.newInstance0(Native Method)at java.base/jdk.internal.reflect.NativeConstructorAccessorImpl.newInstance(NativeConstructorAccessorImpl.java:77)at java.base/jdk.internal.reflect.DelegatingConstructorAccessorImpl.newInstance(DelegatingConstructorAccessorImpl.java:45)at java.base/java.lang.reflect.Constructor.newInstanceWithCaller(Constructor.java:499)at java.base/java.lang.reflect.Constructor.newInstance(Constructor.java:480)at org.openqa.selenium.remote.http.W3CHttpResponseCodec.createException(W3CHttpResponseCodec.java:187)at org.openqa.selenium.remote.http.W3CHttpResponseCodec.decode(W3CHttpResponseCodec.java:122)at org.openqa.selenium.remote.http.W3CHttpResponseCodec.decode(W3CHttpResponseCodec.java:49)at org.openqa.selenium.remote.HttpCommandExecutor.execute(HttpCommandExecutor.java:158)at org.openqa.selenium.remote.service.DriverCommandExecutor.execute(DriverCommandExecutor.java:83)at org.openqa.selenium.remote.RemoteWebDriver.execute(RemoteWebDriver.java:552)at org.openqa.selenium.remote.RemoteWebDriver.findElement(RemoteWebDriver.java:323)at org.openqa.selenium.remote.RemoteWebDriver.findElementByXPath(RemoteWebDriver.java:428)at org.openqa.selenium.By$ByXPath.findElement(By.java:353)at org.openqa.selenium.remote.RemoteWebDriver.findElement(RemoteWebDriver.java:315)at com.bobcares.testcases.branding.f1(branding.java:66)at jdk.internal.reflect.GeneratedMethodAccessor5.invoke(Unknown Source)at java.base/jdk.internal.reflect.DelegatingMethodAccessorImpl.invoke(DelegatingMethodAccessorImpl.java:43)at java.base/java.lang.reflect.Method.invoke(Method.java:568)at org.testng.internal.MethodInvocationHelper.invokeMethod(MethodInvocationHelper.java:124)at org.testng.internal.Invoker.invokeMethod(Invoker.java:571)at org.testng.internal.Invoker.invokeTestMethod(Invoker.java:707)at org.testng.internal.Invoker.invokeTestMethods(Invoker.java:979)at org.testng.internal.TestMethodWorker.invokeTestMethods(TestMethodWorker.java:125)at org.testng.internal.TestMethodWorker.run(TestMethodWorker.java:109)at org.testng.TestRunner.privateRun(TestRunner.java:648)at org.testng.TestRunner.run(TestRunner.java:505)at org.testng.SuiteRunner.runTest(SuiteRunner.java:455)at org.testng.SuiteRunner.runSequentially(SuiteRunner.java:450)at org.testng.SuiteRunner.privateRun(SuiteRunner.java:415)at org.testng.SuiteRunner.run(SuiteRunner.java:364)at org.testng.SuiteRunnerWorker.runSuite(SuiteRunnerWorker.java:52)at org.testng.SuiteRunnerWorker.run(SuiteRunnerWorker.java:84)at org.testng.TestNG.runSuitesSequentially(TestNG.java:1187)at org.testng.TestNG.runSuitesLocally(TestNG.java:1116)at org.testng.TestNG.runSuites(TestNG.java:1028)at org.testng.TestNG.run(TestNG.java:996)at org.testng.remote.AbstractRemoteTestNG.run(AbstractRemoteTestNG.java:115)at org.testng.remote.RemoteTestNG.initAndRun(RemoteTestNG.java:251)at org.testng.remote.RemoteTestNG.main(RemoteTestNG.java:77)]]>
    </failure>
  </testcase> <!-- f1 -->
  <testcase classname="com.bobcares.testcases.branding" name="f1" time="44.564"/>
  <testcase classname="com.bobcares.testcases.branding" name="f1" time="44.224"/>
  <testcase classname="com.bobcares.testcases.branding" name="f1" time="47.583"/>
  <testcase classname="com.bobcares.testcases.branding" name="f1" time="42.406"/>
  <testcase classname="com.bobcares.testcases.branding" name="f1" time="47.524"/>
  <testcase classname="com.bobcares.testcases.branding" name="f1" time="41.142"/>
  <testcase classname="com.bobcares.testcases.branding" name="f1" time="44.466"/>
  <testcase classname="com.bobcares.testcases.branding" name="f1" time="48.163"/>
  <testcase classname="com.bobcares.testcases.branding" name="f1" time="44.178"/>
</testsuite> <!-- Default test -->
