<html>
<head>
<title>TestNG:  Default test</title>
<link href="../testng.css" rel="stylesheet" type="text/css" />
<link href="../my-testng.css" rel="stylesheet" type="text/css" />

<style type="text/css">
.log { display: none;} 
.stack-trace { display: none;} 
</style>
<script type="text/javascript">
<!--
function flip(e) {
  current = e.style.display;
  if (current == 'block') {
    e.style.display = 'none';
    return 0;
  }
  else {
    e.style.display = 'block';
    return 1;
  }
}

function toggleBox(szDivId, elem, msg1, msg2)
{
  var res = -1;  if (document.getElementById) {
    res = flip(document.getElementById(szDivId));
  }
  else if (document.all) {
    // this is the way old msie versions work
    res = flip(document.all[szDivId]);
  }
  if(elem) {
    if(res == 0) elem.innerHTML = msg1; else elem.innerHTML = msg2;
  }

}

function toggleAllBoxes() {
  if (document.getElementsByTagName) {
    d = document.getElementsByTagName('div');
    for (i = 0; i < d.length; i++) {
      if (d[i].className == 'log') {
        flip(d[i]);
      }
    }
  }
}

// -->
</script>

</head>
<body>
<h2 align='center'>Default test</h2><table border='1' align="center">
<tr>
<td>Tests passed/Failed/Skipped:</td><td>93/8/0</td>
</tr><tr>
<td>Started on:</td><td>Mon Oct 17 19:07:57 IST 2022</td>
</tr>
<tr><td>Total time:</td><td>4727 seconds (4727478 ms)</td>
</tr><tr>
<td>Included groups:</td><td></td>
</tr><tr>
<td>Excluded groups:</td><td></td>
</tr>
</table><p/>
<small><i>(Hover the method name to see the test class name)</i></small><p/>
<table width='100%' border='1' class='invocation-failed'>
<tr><td colspan='4' align='center'><b>FAILED TESTS</b></td></tr>
<tr><td><b>Test method</b></td>
<td width="30%"><b>Exception</b></td>
<td width="10%"><b>Time (seconds)</b></td>
<td><b>Instance</b></td>
</tr>
<tr>
<td title='com.bobcares.testcases.branding.f1()'><b>f1</b><br>Test class: com.bobcares.testcases.branding<br>Parameters: https://bobcares.com/wp-admin/post.php?post=296588&action=edit&classic-editor, </td>
<td><div><pre>org.openqa.selenium.ElementNotInteractableException: Element &lt;span class=&quot;screen-reader-text&quot;&gt; could not be scrolled into view
Build info: version: &apos;3.141.59&apos;, revision: &apos;e82be7d358&apos;, time: &apos;2018-11-14T08:25:59&apos;
System info: host: &apos;DESKTOP-LHVEUFN&apos;, ip: &apos;172.17.6.112&apos;, os.name: &apos;Windows 10&apos;, os.arch: &apos;amd64&apos;, os.version: &apos;10.0&apos;, java.version: &apos;17.0.1&apos;
Driver info: org.openqa.selenium.firefox.FirefoxDriver
Capabilities {acceptInsecureCerts: true, browserName: firefox, browserVersion: 105.0.3, javascriptEnabled: true, moz:accessibilityChecks: false, moz:buildID: 20221007134813, moz:geckodriverVersion: 0.31.0, moz:headless: true, moz:platformVersion: 10.0, moz:processID: 11932, moz:profile: C:\Users\nandu\AppData\Loca..., moz:shutdownTimeout: 60000, moz:useNonSpecCompliantPointerOrigin: false, moz:webdriverClick: true, moz:windowless: false, pageLoadStrategy: normal, platform: WINDOWS, platformName: WINDOWS, proxy: Proxy(), setWindowRect: true, strictFileInteractability: false, timeouts: {implicit: 0, pageLoad: 300000, script: 30000}, unhandledPromptBehavior: dismiss and notify}
Session ID: 45888a70-0857-42da-a432-91f7ef98146a
	at java.base/jdk.internal.reflect.NativeConstructorAccessorImpl.newInstance0(Native Method)
	at java.base/jdk.internal.reflect.NativeConstructorAccessorImpl.newInstance(NativeConstructorAccessorImpl.java:77)
	at java.base/jdk.internal.reflect.DelegatingConstructorAccessorImpl.newInstance(DelegatingConstructorAccessorImpl.java:45)
	at java.base/java.lang.reflect.Constructor.newInstanceWithCaller(Constructor.java:499)
	at java.base/java.lang.reflect.Constructor.newInstance(Constructor.java:480)
	at org.openqa.selenium.remote.http.W3CHttpResponseCodec.createException(W3CHttpResponseCodec.java:187)
	at org.openqa.selenium.remote.http.W3CHttpResponseCodec.decode(W3CHttpResponseCodec.java:122)
	at org.openqa.selenium.remote.http.W3CHttpResponseCodec.decode(W3CHttpResponseCodec.java:49)
	at org.openqa.selenium.remote.HttpCommandExecutor.execute(HttpCommandExecutor.java:158)
	at org.openqa.selenium.remote.service.DriverCommandExecutor.execute(DriverCommandExecutor.java:83)
	at org.openqa.selenium.remote.RemoteWebDriver.execute(RemoteWebDriver.java:552)
	at org.openqa.selenium.remote.RemoteWebElement.execute(RemoteWebElement.java:285)
	at org.openqa.selenium.remote.RemoteWebElement.click(RemoteWebElement.java:84)
	at com.bobcares.testcases.branding.f1(branding.java:66)
	at jdk.internal.reflect.GeneratedMethodAccessor5.invoke(Unknown Source)
	at java.base/jdk.internal.reflect.DelegatingMethodAccessorImpl.invoke(DelegatingMethodAccessorImpl.java:43)
	at java.base/java.lang.reflect.Method.invoke(Method.java:568)
	at org.testng.internal.MethodInvocationHelper.invokeMethod(MethodInvocationHelper.java:124)
	at org.testng.internal.Invoker.invokeMethod(Invoker.java:571)
	at org.testng.internal.Invoker.invokeTestMethod(Invoker.java:707)
	at org.testng.internal.Invoker.invokeTestMethods(Invoker.java:979)
	at org.testng.internal.TestMethodWorker.invokeTestMethods(TestMethodWorker.java:125)
	at org.testng.internal.TestMethodWorker.run(TestMethodWorker.java:109)
	at org.testng.TestRunner.privateRun(TestRunner.java:648)
	at org.testng.TestRunner.run(TestRunner.java:505)
	at org.testng.SuiteRunner.runTest(SuiteRunner.java:455)
	at org.testng.SuiteRunner.runSequentially(SuiteRunner.java:450)
	at org.testng.SuiteRunner.privateRun(SuiteRunner.java:415)
	at org.testng.SuiteRunner.run(SuiteRunner.java:364)
	at org.testng.SuiteRunnerWorker.runSuite(SuiteRunnerWorker.java:52)
	at org.testng.SuiteRunnerWorker.run(SuiteRunnerWorker.java:84)
	at org.testng.TestNG.runSuitesSequentially(TestNG.java:1187)
	at org.testng.TestNG.runSuitesLocally(TestNG.java:1116)
	at org.testng.TestNG.runSuites(TestNG.java:1028)
	at org.testng.TestNG.run(TestNG.java:996)
	at org.testng.remote.AbstractRemoteTestNG.run(AbstractRemoteTestNG.java:115)
	at org.testng.remote.RemoteTestNG.initAndRun(RemoteTestNG.java:251)
	at org.testng.remote.RemoteTestNG.main(RemoteTestNG.java:77)
</pre></div><a href='#' onClick='toggleBox("stack-trace367478965", this, "Click to show all stack frames", "Click to hide stack frames")'>Click to show all stack frames</a>
<div class='stack-trace' id='stack-trace367478965'><pre>org.openqa.selenium.ElementNotInteractableException: Element &lt;span class=&quot;screen-reader-text&quot;&gt; could not be scrolled into view
Build info: version: &apos;3.141.59&apos;, revision: &apos;e82be7d358&apos;, time: &apos;2018-11-14T08:25:59&apos;
System info: host: &apos;DESKTOP-LHVEUFN&apos;, ip: &apos;172.17.6.112&apos;, os.name: &apos;Windows 10&apos;, os.arch: &apos;amd64&apos;, os.version: &apos;10.0&apos;, java.version: &apos;17.0.1&apos;
Driver info: org.openqa.selenium.firefox.FirefoxDriver
Capabilities {acceptInsecureCerts: true, browserName: firefox, browserVersion: 105.0.3, javascriptEnabled: true, moz:accessibilityChecks: false, moz:buildID: 20221007134813, moz:geckodriverVersion: 0.31.0, moz:headless: true, moz:platformVersion: 10.0, moz:processID: 11932, moz:profile: C:\Users\nandu\AppData\Loca..., moz:shutdownTimeout: 60000, moz:useNonSpecCompliantPointerOrigin: false, moz:webdriverClick: true, moz:windowless: false, pageLoadStrategy: normal, platform: WINDOWS, platformName: WINDOWS, proxy: Proxy(), setWindowRect: true, strictFileInteractability: false, timeouts: {implicit: 0, pageLoad: 300000, script: 30000}, unhandledPromptBehavior: dismiss and notify}
Session ID: 45888a70-0857-42da-a432-91f7ef98146a
	at java.base/jdk.internal.reflect.NativeConstructorAccessorImpl.newInstance0(Native Method)
	at java.base/jdk.internal.reflect.NativeConstructorAccessorImpl.newInstance(NativeConstructorAccessorImpl.java:77)
	at java.base/jdk.internal.reflect.DelegatingConstructorAccessorImpl.newInstance(DelegatingConstructorAccessorImpl.java:45)
	at java.base/java.lang.reflect.Constructor.newInstanceWithCaller(Constructor.java:499)
	at java.base/java.lang.reflect.Constructor.newInstance(Constructor.java:480)
	at org.openqa.selenium.remote.http.W3CHttpResponseCodec.createException(W3CHttpResponseCodec.java:187)
	at org.openqa.selenium.remote.http.W3CHttpResponseCodec.decode(W3CHttpResponseCodec.java:122)
	at org.openqa.selenium.remote.http.W3CHttpResponseCodec.decode(W3CHttpResponseCodec.java:49)
	at org.openqa.selenium.remote.HttpCommandExecutor.execute(HttpCommandExecutor.java:158)
	at org.openqa.selenium.remote.service.DriverCommandExecutor.execute(DriverCommandExecutor.java:83)
	at org.openqa.selenium.remote.RemoteWebDriver.execute(RemoteWebDriver.java:552)
	at org.openqa.selenium.remote.RemoteWebElement.execute(RemoteWebElement.java:285)
	at org.openqa.selenium.remote.RemoteWebElement.click(RemoteWebElement.java:84)
	at com.bobcares.testcases.branding.f1(branding.java:66)
	at jdk.internal.reflect.GeneratedMethodAccessor5.invoke(Unknown Source)
	at java.base/jdk.internal.reflect.DelegatingMethodAccessorImpl.invoke(DelegatingMethodAccessorImpl.java:43)
	at java.base/java.lang.reflect.Method.invoke(Method.java:568)
	at org.testng.internal.MethodInvocationHelper.invokeMethod(MethodInvocationHelper.java:124)
	at org.testng.internal.Invoker.invokeMethod(Invoker.java:571)
	at org.testng.internal.Invoker.invokeTestMethod(Invoker.java:707)
	at org.testng.internal.Invoker.invokeTestMethods(Invoker.java:979)
	at org.testng.internal.TestMethodWorker.invokeTestMethods(TestMethodWorker.java:125)
	at org.testng.internal.TestMethodWorker.run(TestMethodWorker.java:109)
	at org.testng.TestRunner.privateRun(TestRunner.java:648)
	at org.testng.TestRunner.run(TestRunner.java:505)
	at org.testng.SuiteRunner.runTest(SuiteRunner.java:455)
	at org.testng.SuiteRunner.runSequentially(SuiteRunner.java:450)
	at org.testng.SuiteRunner.privateRun(SuiteRunner.java:415)
	at org.testng.SuiteRunner.run(SuiteRunner.java:364)
	at org.testng.SuiteRunnerWorker.runSuite(SuiteRunnerWorker.java:52)
	at org.testng.SuiteRunnerWorker.run(SuiteRunnerWorker.java:84)
	at org.testng.TestNG.runSuitesSequentially(TestNG.java:1187)
	at org.testng.TestNG.runSuitesLocally(TestNG.java:1116)
	at org.testng.TestNG.runSuites(TestNG.java:1028)
	at org.testng.TestNG.run(TestNG.java:996)
	at org.testng.remote.AbstractRemoteTestNG.run(AbstractRemoteTestNG.java:115)
	at org.testng.remote.RemoteTestNG.initAndRun(RemoteTestNG.java:251)
	at org.testng.remote.RemoteTestNG.main(RemoteTestNG.java:77)
</pre></div></td>
<td>34</td>
<td>com.bobcares.testcases.branding@265adfad</td></tr>
<tr>
<td title='com.bobcares.testcases.branding.f1()'><b>f1</b><br>Test class: com.bobcares.testcases.branding<br>Parameters: https://bobcares.com/wp-admin/post.php?post=296700&action=edit&classic-editor, </td>
<td><div><pre>org.openqa.selenium.NoSuchElementException: Unable to locate element: //span[contains(text(),&apos;Insights&apos;)]
For documentation on this error, please visit: https://www.seleniumhq.org/exceptions/no_such_element.html
Build info: version: &apos;3.141.59&apos;, revision: &apos;e82be7d358&apos;, time: &apos;2018-11-14T08:25:59&apos;
System info: host: &apos;DESKTOP-LHVEUFN&apos;, ip: &apos;172.17.6.112&apos;, os.name: &apos;Windows 10&apos;, os.arch: &apos;amd64&apos;, os.version: &apos;10.0&apos;, java.version: &apos;17.0.1&apos;
Driver info: org.openqa.selenium.firefox.FirefoxDriver
Capabilities {acceptInsecureCerts: true, browserName: firefox, browserVersion: 105.0.3, javascriptEnabled: true, moz:accessibilityChecks: false, moz:buildID: 20221007134813, moz:geckodriverVersion: 0.31.0, moz:headless: true, moz:platformVersion: 10.0, moz:processID: 12108, moz:profile: C:\Users\nandu\AppData\Loca..., moz:shutdownTimeout: 60000, moz:useNonSpecCompliantPointerOrigin: false, moz:webdriverClick: true, moz:windowless: false, pageLoadStrategy: normal, platform: WINDOWS, platformName: WINDOWS, proxy: Proxy(), setWindowRect: true, strictFileInteractability: false, timeouts: {implicit: 0, pageLoad: 300000, script: 30000}, unhandledPromptBehavior: dismiss and notify}
Session ID: d321bc57-143b-43ad-bea4-5e375cee8b97
*** Element info: {Using=xpath, value=//span[contains(text(),&apos;Insights&apos;)]}
	at java.base/jdk.internal.reflect.NativeConstructorAccessorImpl.newInstance0(Native Method)
	at java.base/jdk.internal.reflect.NativeConstructorAccessorImpl.newInstance(NativeConstructorAccessorImpl.java:77)
	at java.base/jdk.internal.reflect.DelegatingConstructorAccessorImpl.newInstance(DelegatingConstructorAccessorImpl.java:45)
	at java.base/java.lang.reflect.Constructor.newInstanceWithCaller(Constructor.java:499)
	at java.base/java.lang.reflect.Constructor.newInstance(Constructor.java:480)
	at org.openqa.selenium.remote.http.W3CHttpResponseCodec.createException(W3CHttpResponseCodec.java:187)
	at org.openqa.selenium.remote.http.W3CHttpResponseCodec.decode(W3CHttpResponseCodec.java:122)
	at org.openqa.selenium.remote.http.W3CHttpResponseCodec.decode(W3CHttpResponseCodec.java:49)
	at org.openqa.selenium.remote.HttpCommandExecutor.execute(HttpCommandExecutor.java:158)
	at org.openqa.selenium.remote.service.DriverCommandExecutor.execute(DriverCommandExecutor.java:83)
	at org.openqa.selenium.remote.RemoteWebDriver.execute(RemoteWebDriver.java:552)
	at org.openqa.selenium.remote.RemoteWebDriver.findElement(RemoteWebDriver.java:323)
	at org.openqa.selenium.remote.RemoteWebDriver.findElementByXPath(RemoteWebDriver.java:428)
	at org.openqa.selenium.By$ByXPath.findElement(By.java:353)
	at org.openqa.selenium.remote.RemoteWebDriver.findElement(RemoteWebDriver.java:315)
	at com.bobcares.testcases.branding.f1(branding.java:66)
	at jdk.internal.reflect.GeneratedMethodAccessor5.invoke(Unknown Source)
	at java.base/jdk.internal.reflect.DelegatingMethodAccessorImpl.invoke(DelegatingMethodAccessorImpl.java:43)
	at java.base/java.lang.reflect.Method.invoke(Method.java:568)
	at org.testng.internal.MethodInvocationHelper.invokeMethod(MethodInvocationHelper.java:124)
	at org.testng.internal.Invoker.invokeMethod(Invoker.java:571)
	at org.testng.internal.Invoker.invokeTestMethod(Invoker.java:707)
	at org.testng.internal.Invoker.invokeTestMethods(Invoker.java:979)
	at org.testng.internal.TestMethodWorker.invokeTestMethods(TestMethodWorker.java:125)
	at org.testng.internal.TestMethodWorker.run(TestMethodWorker.java:109)
	at org.testng.TestRunner.privateRun(TestRunner.java:648)
	at org.testng.TestRunner.run(TestRunner.java:505)
	at org.testng.SuiteRunner.runTest(SuiteRunner.java:455)
	at org.testng.SuiteRunner.runSequentially(SuiteRunner.java:450)
	at org.testng.SuiteRunner.privateRun(SuiteRunner.java:415)
	at org.testng.SuiteRunner.run(SuiteRunner.java:364)
	at org.testng.SuiteRunnerWorker.runSuite(SuiteRunnerWorker.java:52)
	at org.testng.SuiteRunnerWorker.run(SuiteRunnerWorker.java:84)
	at org.testng.TestNG.runSuitesSequentially(TestNG.java:1187)
	at org.testng.TestNG.runSuitesLocally(TestNG.java:1116)
	at org.testng.TestNG.runSuites(TestNG.java:1028)
	at org.testng.TestNG.run(TestNG.java:996)
	at org.testng.remote.AbstractRemoteTestNG.run(AbstractRemoteTestNG.java:115)
	at org.testng.remote.RemoteTestNG.initAndRun(RemoteTestNG.java:251)
	at org.testng.remote.RemoteTestNG.main(RemoteTestNG.java:77)
</pre></div><a href='#' onClick='toggleBox("stack-trace414903944", this, "Click to show all stack frames", "Click to hide stack frames")'>Click to show all stack frames</a>
<div class='stack-trace' id='stack-trace414903944'><pre>org.openqa.selenium.NoSuchElementException: Unable to locate element: //span[contains(text(),&apos;Insights&apos;)]
For documentation on this error, please visit: https://www.seleniumhq.org/exceptions/no_such_element.html
Build info: version: &apos;3.141.59&apos;, revision: &apos;e82be7d358&apos;, time: &apos;2018-11-14T08:25:59&apos;
System info: host: &apos;DESKTOP-LHVEUFN&apos;, ip: &apos;172.17.6.112&apos;, os.name: &apos;Windows 10&apos;, os.arch: &apos;amd64&apos;, os.version: &apos;10.0&apos;, java.version: &apos;17.0.1&apos;
Driver info: org.openqa.selenium.firefox.FirefoxDriver
Capabilities {acceptInsecureCerts: true, browserName: firefox, browserVersion: 105.0.3, javascriptEnabled: true, moz:accessibilityChecks: false, moz:buildID: 20221007134813, moz:geckodriverVersion: 0.31.0, moz:headless: true, moz:platformVersion: 10.0, moz:processID: 12108, moz:profile: C:\Users\nandu\AppData\Loca..., moz:shutdownTimeout: 60000, moz:useNonSpecCompliantPointerOrigin: false, moz:webdriverClick: true, moz:windowless: false, pageLoadStrategy: normal, platform: WINDOWS, platformName: WINDOWS, proxy: Proxy(), setWindowRect: true, strictFileInteractability: false, timeouts: {implicit: 0, pageLoad: 300000, script: 30000}, unhandledPromptBehavior: dismiss and notify}
Session ID: d321bc57-143b-43ad-bea4-5e375cee8b97
*** Element info: {Using=xpath, value=//span[contains(text(),&apos;Insights&apos;)]}
	at java.base/jdk.internal.reflect.NativeConstructorAccessorImpl.newInstance0(Native Method)
	at java.base/jdk.internal.reflect.NativeConstructorAccessorImpl.newInstance(NativeConstructorAccessorImpl.java:77)
	at java.base/jdk.internal.reflect.DelegatingConstructorAccessorImpl.newInstance(DelegatingConstructorAccessorImpl.java:45)
	at java.base/java.lang.reflect.Constructor.newInstanceWithCaller(Constructor.java:499)
	at java.base/java.lang.reflect.Constructor.newInstance(Constructor.java:480)
	at org.openqa.selenium.remote.http.W3CHttpResponseCodec.createException(W3CHttpResponseCodec.java:187)
	at org.openqa.selenium.remote.http.W3CHttpResponseCodec.decode(W3CHttpResponseCodec.java:122)
	at org.openqa.selenium.remote.http.W3CHttpResponseCodec.decode(W3CHttpResponseCodec.java:49)
	at org.openqa.selenium.remote.HttpCommandExecutor.execute(HttpCommandExecutor.java:158)
	at org.openqa.selenium.remote.service.DriverCommandExecutor.execute(DriverCommandExecutor.java:83)
	at org.openqa.selenium.remote.RemoteWebDriver.execute(RemoteWebDriver.java:552)
	at org.openqa.selenium.remote.RemoteWebDriver.findElement(RemoteWebDriver.java:323)
	at org.openqa.selenium.remote.RemoteWebDriver.findElementByXPath(RemoteWebDriver.java:428)
	at org.openqa.selenium.By$ByXPath.findElement(By.java:353)
	at org.openqa.selenium.remote.RemoteWebDriver.findElement(RemoteWebDriver.java:315)
	at com.bobcares.testcases.branding.f1(branding.java:66)
	at jdk.internal.reflect.GeneratedMethodAccessor5.invoke(Unknown Source)
	at java.base/jdk.internal.reflect.DelegatingMethodAccessorImpl.invoke(DelegatingMethodAccessorImpl.java:43)
	at java.base/java.lang.reflect.Method.invoke(Method.java:568)
	at org.testng.internal.MethodInvocationHelper.invokeMethod(MethodInvocationHelper.java:124)
	at org.testng.internal.Invoker.invokeMethod(Invoker.java:571)
	at org.testng.internal.Invoker.invokeTestMethod(Invoker.java:707)
	at org.testng.internal.Invoker.invokeTestMethods(Invoker.java:979)
	at org.testng.internal.TestMethodWorker.invokeTestMethods(TestMethodWorker.java:125)
	at org.testng.internal.TestMethodWorker.run(TestMethodWorker.java:109)
	at org.testng.TestRunner.privateRun(TestRunner.java:648)
	at org.testng.TestRunner.run(TestRunner.java:505)
	at org.testng.SuiteRunner.runTest(SuiteRunner.java:455)
	at org.testng.SuiteRunner.runSequentially(SuiteRunner.java:450)
	at org.testng.SuiteRunner.privateRun(SuiteRunner.java:415)
	at org.testng.SuiteRunner.run(SuiteRunner.java:364)
	at org.testng.SuiteRunnerWorker.runSuite(SuiteRunnerWorker.java:52)
	at org.testng.SuiteRunnerWorker.run(SuiteRunnerWorker.java:84)
	at org.testng.TestNG.runSuitesSequentially(TestNG.java:1187)
	at org.testng.TestNG.runSuitesLocally(TestNG.java:1116)
	at org.testng.TestNG.runSuites(TestNG.java:1028)
	at org.testng.TestNG.run(TestNG.java:996)
	at org.testng.remote.AbstractRemoteTestNG.run(AbstractRemoteTestNG.java:115)
	at org.testng.remote.RemoteTestNG.initAndRun(RemoteTestNG.java:251)
	at org.testng.remote.RemoteTestNG.main(RemoteTestNG.java:77)
</pre></div></td>
<td>28</td>
<td>com.bobcares.testcases.branding@265adfad</td></tr>
<tr>
<td title='com.bobcares.testcases.branding.f1()'><b>f1</b><br>Test class: com.bobcares.testcases.branding<br>Parameters: https://bobcares.com/wp-admin/post.php?post=296645&action=edit&classic-editor, </td>
<td><div><pre>org.openqa.selenium.NoSuchElementException: Unable to locate element: //span[contains(text(),&apos;Insights&apos;)]
For documentation on this error, please visit: https://www.seleniumhq.org/exceptions/no_such_element.html
Build info: version: &apos;3.141.59&apos;, revision: &apos;e82be7d358&apos;, time: &apos;2018-11-14T08:25:59&apos;
System info: host: &apos;DESKTOP-LHVEUFN&apos;, ip: &apos;172.17.6.112&apos;, os.name: &apos;Windows 10&apos;, os.arch: &apos;amd64&apos;, os.version: &apos;10.0&apos;, java.version: &apos;17.0.1&apos;
Driver info: org.openqa.selenium.firefox.FirefoxDriver
Capabilities {acceptInsecureCerts: true, browserName: firefox, browserVersion: 105.0.3, javascriptEnabled: true, moz:accessibilityChecks: false, moz:buildID: 20221007134813, moz:geckodriverVersion: 0.31.0, moz:headless: true, moz:platformVersion: 10.0, moz:processID: 12968, moz:profile: C:\Users\nandu\AppData\Loca..., moz:shutdownTimeout: 60000, moz:useNonSpecCompliantPointerOrigin: false, moz:webdriverClick: true, moz:windowless: false, pageLoadStrategy: normal, platform: WINDOWS, platformName: WINDOWS, proxy: Proxy(), setWindowRect: true, strictFileInteractability: false, timeouts: {implicit: 0, pageLoad: 300000, script: 30000}, unhandledPromptBehavior: dismiss and notify}
Session ID: 15667eb9-861b-4321-b13a-bd135f0e76bb
*** Element info: {Using=xpath, value=//span[contains(text(),&apos;Insights&apos;)]}
	at java.base/jdk.internal.reflect.NativeConstructorAccessorImpl.newInstance0(Native Method)
	at java.base/jdk.internal.reflect.NativeConstructorAccessorImpl.newInstance(NativeConstructorAccessorImpl.java:77)
	at java.base/jdk.internal.reflect.DelegatingConstructorAccessorImpl.newInstance(DelegatingConstructorAccessorImpl.java:45)
	at java.base/java.lang.reflect.Constructor.newInstanceWithCaller(Constructor.java:499)
	at java.base/java.lang.reflect.Constructor.newInstance(Constructor.java:480)
	at org.openqa.selenium.remote.http.W3CHttpResponseCodec.createException(W3CHttpResponseCodec.java:187)
	at org.openqa.selenium.remote.http.W3CHttpResponseCodec.decode(W3CHttpResponseCodec.java:122)
	at org.openqa.selenium.remote.http.W3CHttpResponseCodec.decode(W3CHttpResponseCodec.java:49)
	at org.openqa.selenium.remote.HttpCommandExecutor.execute(HttpCommandExecutor.java:158)
	at org.openqa.selenium.remote.service.DriverCommandExecutor.execute(DriverCommandExecutor.java:83)
	at org.openqa.selenium.remote.RemoteWebDriver.execute(RemoteWebDriver.java:552)
	at org.openqa.selenium.remote.RemoteWebDriver.findElement(RemoteWebDriver.java:323)
	at org.openqa.selenium.remote.RemoteWebDriver.findElementByXPath(RemoteWebDriver.java:428)
	at org.openqa.selenium.By$ByXPath.findElement(By.java:353)
	at org.openqa.selenium.remote.RemoteWebDriver.findElement(RemoteWebDriver.java:315)
	at com.bobcares.testcases.branding.f1(branding.java:66)
	at jdk.internal.reflect.GeneratedMethodAccessor5.invoke(Unknown Source)
	at java.base/jdk.internal.reflect.DelegatingMethodAccessorImpl.invoke(DelegatingMethodAccessorImpl.java:43)
	at java.base/java.lang.reflect.Method.invoke(Method.java:568)
	at org.testng.internal.MethodInvocationHelper.invokeMethod(MethodInvocationHelper.java:124)
	at org.testng.internal.Invoker.invokeMethod(Invoker.java:571)
	at org.testng.internal.Invoker.invokeTestMethod(Invoker.java:707)
	at org.testng.internal.Invoker.invokeTestMethods(Invoker.java:979)
	at org.testng.internal.TestMethodWorker.invokeTestMethods(TestMethodWorker.java:125)
	at org.testng.internal.TestMethodWorker.run(TestMethodWorker.java:109)
	at org.testng.TestRunner.privateRun(TestRunner.java:648)
	at org.testng.TestRunner.run(TestRunner.java:505)
	at org.testng.SuiteRunner.runTest(SuiteRunner.java:455)
	at org.testng.SuiteRunner.runSequentially(SuiteRunner.java:450)
	at org.testng.SuiteRunner.privateRun(SuiteRunner.java:415)
	at org.testng.SuiteRunner.run(SuiteRunner.java:364)
	at org.testng.SuiteRunnerWorker.runSuite(SuiteRunnerWorker.java:52)
	at org.testng.SuiteRunnerWorker.run(SuiteRunnerWorker.java:84)
	at org.testng.TestNG.runSuitesSequentially(TestNG.java:1187)
	at org.testng.TestNG.runSuitesLocally(TestNG.java:1116)
	at org.testng.TestNG.runSuites(TestNG.java:1028)
	at org.testng.TestNG.run(TestNG.java:996)
	at org.testng.remote.AbstractRemoteTestNG.run(AbstractRemoteTestNG.java:115)
	at org.testng.remote.RemoteTestNG.initAndRun(RemoteTestNG.java:251)
	at org.testng.remote.RemoteTestNG.main(RemoteTestNG.java:77)
</pre></div><a href='#' onClick='toggleBox("stack-trace51626955", this, "Click to show all stack frames", "Click to hide stack frames")'>Click to show all stack frames</a>
<div class='stack-trace' id='stack-trace51626955'><pre>org.openqa.selenium.NoSuchElementException: Unable to locate element: //span[contains(text(),&apos;Insights&apos;)]
For documentation on this error, please visit: https://www.seleniumhq.org/exceptions/no_such_element.html
Build info: version: &apos;3.141.59&apos;, revision: &apos;e82be7d358&apos;, time: &apos;2018-11-14T08:25:59&apos;
System info: host: &apos;DESKTOP-LHVEUFN&apos;, ip: &apos;172.17.6.112&apos;, os.name: &apos;Windows 10&apos;, os.arch: &apos;amd64&apos;, os.version: &apos;10.0&apos;, java.version: &apos;17.0.1&apos;
Driver info: org.openqa.selenium.firefox.FirefoxDriver
Capabilities {acceptInsecureCerts: true, browserName: firefox, browserVersion: 105.0.3, javascriptEnabled: true, moz:accessibilityChecks: false, moz:buildID: 20221007134813, moz:geckodriverVersion: 0.31.0, moz:headless: true, moz:platformVersion: 10.0, moz:processID: 12968, moz:profile: C:\Users\nandu\AppData\Loca..., moz:shutdownTimeout: 60000, moz:useNonSpecCompliantPointerOrigin: false, moz:webdriverClick: true, moz:windowless: false, pageLoadStrategy: normal, platform: WINDOWS, platformName: WINDOWS, proxy: Proxy(), setWindowRect: true, strictFileInteractability: false, timeouts: {implicit: 0, pageLoad: 300000, script: 30000}, unhandledPromptBehavior: dismiss and notify}
Session ID: 15667eb9-861b-4321-b13a-bd135f0e76bb
*** Element info: {Using=xpath, value=//span[contains(text(),&apos;Insights&apos;)]}
	at java.base/jdk.internal.reflect.NativeConstructorAccessorImpl.newInstance0(Native Method)
	at java.base/jdk.internal.reflect.NativeConstructorAccessorImpl.newInstance(NativeConstructorAccessorImpl.java:77)
	at java.base/jdk.internal.reflect.DelegatingConstructorAccessorImpl.newInstance(DelegatingConstructorAccessorImpl.java:45)
	at java.base/java.lang.reflect.Constructor.newInstanceWithCaller(Constructor.java:499)
	at java.base/java.lang.reflect.Constructor.newInstance(Constructor.java:480)
	at org.openqa.selenium.remote.http.W3CHttpResponseCodec.createException(W3CHttpResponseCodec.java:187)
	at org.openqa.selenium.remote.http.W3CHttpResponseCodec.decode(W3CHttpResponseCodec.java:122)
	at org.openqa.selenium.remote.http.W3CHttpResponseCodec.decode(W3CHttpResponseCodec.java:49)
	at org.openqa.selenium.remote.HttpCommandExecutor.execute(HttpCommandExecutor.java:158)
	at org.openqa.selenium.remote.service.DriverCommandExecutor.execute(DriverCommandExecutor.java:83)
	at org.openqa.selenium.remote.RemoteWebDriver.execute(RemoteWebDriver.java:552)
	at org.openqa.selenium.remote.RemoteWebDriver.findElement(RemoteWebDriver.java:323)
	at org.openqa.selenium.remote.RemoteWebDriver.findElementByXPath(RemoteWebDriver.java:428)
	at org.openqa.selenium.By$ByXPath.findElement(By.java:353)
	at org.openqa.selenium.remote.RemoteWebDriver.findElement(RemoteWebDriver.java:315)
	at com.bobcares.testcases.branding.f1(branding.java:66)
	at jdk.internal.reflect.GeneratedMethodAccessor5.invoke(Unknown Source)
	at java.base/jdk.internal.reflect.DelegatingMethodAccessorImpl.invoke(DelegatingMethodAccessorImpl.java:43)
	at java.base/java.lang.reflect.Method.invoke(Method.java:568)
	at org.testng.internal.MethodInvocationHelper.invokeMethod(MethodInvocationHelper.java:124)
	at org.testng.internal.Invoker.invokeMethod(Invoker.java:571)
	at org.testng.internal.Invoker.invokeTestMethod(Invoker.java:707)
	at org.testng.internal.Invoker.invokeTestMethods(Invoker.java:979)
	at org.testng.internal.TestMethodWorker.invokeTestMethods(TestMethodWorker.java:125)
	at org.testng.internal.TestMethodWorker.run(TestMethodWorker.java:109)
	at org.testng.TestRunner.privateRun(TestRunner.java:648)
	at org.testng.TestRunner.run(TestRunner.java:505)
	at org.testng.SuiteRunner.runTest(SuiteRunner.java:455)
	at org.testng.SuiteRunner.runSequentially(SuiteRunner.java:450)
	at org.testng.SuiteRunner.privateRun(SuiteRunner.java:415)
	at org.testng.SuiteRunner.run(SuiteRunner.java:364)
	at org.testng.SuiteRunnerWorker.runSuite(SuiteRunnerWorker.java:52)
	at org.testng.SuiteRunnerWorker.run(SuiteRunnerWorker.java:84)
	at org.testng.TestNG.runSuitesSequentially(TestNG.java:1187)
	at org.testng.TestNG.runSuitesLocally(TestNG.java:1116)
	at org.testng.TestNG.runSuites(TestNG.java:1028)
	at org.testng.TestNG.run(TestNG.java:996)
	at org.testng.remote.AbstractRemoteTestNG.run(AbstractRemoteTestNG.java:115)
	at org.testng.remote.RemoteTestNG.initAndRun(RemoteTestNG.java:251)
	at org.testng.remote.RemoteTestNG.main(RemoteTestNG.java:77)
</pre></div></td>
<td>38</td>
<td>com.bobcares.testcases.branding@265adfad</td></tr>
<tr>
<td title='com.bobcares.testcases.branding.f1()'><b>f1</b><br>Test class: com.bobcares.testcases.branding<br>Parameters: https://bobcares.com/wp-admin/post.php?post=296320&action=edit&classic-editor, </td>
<td><div><pre>org.openqa.selenium.NoSuchElementException: Unable to locate element: //span[contains(text(),&apos;Insights&apos;)]
For documentation on this error, please visit: https://www.seleniumhq.org/exceptions/no_such_element.html
Build info: version: &apos;3.141.59&apos;, revision: &apos;e82be7d358&apos;, time: &apos;2018-11-14T08:25:59&apos;
System info: host: &apos;DESKTOP-LHVEUFN&apos;, ip: &apos;172.17.6.112&apos;, os.name: &apos;Windows 10&apos;, os.arch: &apos;amd64&apos;, os.version: &apos;10.0&apos;, java.version: &apos;17.0.1&apos;
Driver info: org.openqa.selenium.firefox.FirefoxDriver
Capabilities {acceptInsecureCerts: true, browserName: firefox, browserVersion: 105.0.3, javascriptEnabled: true, moz:accessibilityChecks: false, moz:buildID: 20221007134813, moz:geckodriverVersion: 0.31.0, moz:headless: true, moz:platformVersion: 10.0, moz:processID: 12176, moz:profile: C:\Users\nandu\AppData\Loca..., moz:shutdownTimeout: 60000, moz:useNonSpecCompliantPointerOrigin: false, moz:webdriverClick: true, moz:windowless: false, pageLoadStrategy: normal, platform: WINDOWS, platformName: WINDOWS, proxy: Proxy(), setWindowRect: true, strictFileInteractability: false, timeouts: {implicit: 0, pageLoad: 300000, script: 30000}, unhandledPromptBehavior: dismiss and notify}
Session ID: 348cb4a8-5826-4a9f-9f19-9eb3053f219e
*** Element info: {Using=xpath, value=//span[contains(text(),&apos;Insights&apos;)]}
	at java.base/jdk.internal.reflect.NativeConstructorAccessorImpl.newInstance0(Native Method)
	at java.base/jdk.internal.reflect.NativeConstructorAccessorImpl.newInstance(NativeConstructorAccessorImpl.java:77)
	at java.base/jdk.internal.reflect.DelegatingConstructorAccessorImpl.newInstance(DelegatingConstructorAccessorImpl.java:45)
	at java.base/java.lang.reflect.Constructor.newInstanceWithCaller(Constructor.java:499)
	at java.base/java.lang.reflect.Constructor.newInstance(Constructor.java:480)
	at org.openqa.selenium.remote.http.W3CHttpResponseCodec.createException(W3CHttpResponseCodec.java:187)
	at org.openqa.selenium.remote.http.W3CHttpResponseCodec.decode(W3CHttpResponseCodec.java:122)
	at org.openqa.selenium.remote.http.W3CHttpResponseCodec.decode(W3CHttpResponseCodec.java:49)
	at org.openqa.selenium.remote.HttpCommandExecutor.execute(HttpCommandExecutor.java:158)
	at org.openqa.selenium.remote.service.DriverCommandExecutor.execute(DriverCommandExecutor.java:83)
	at org.openqa.selenium.remote.RemoteWebDriver.execute(RemoteWebDriver.java:552)
	at org.openqa.selenium.remote.RemoteWebDriver.findElement(RemoteWebDriver.java:323)
	at org.openqa.selenium.remote.RemoteWebDriver.findElementByXPath(RemoteWebDriver.java:428)
	at org.openqa.selenium.By$ByXPath.findElement(By.java:353)
	at org.openqa.selenium.remote.RemoteWebDriver.findElement(RemoteWebDriver.java:315)
	at com.bobcares.testcases.branding.f1(branding.java:66)
	at jdk.internal.reflect.GeneratedMethodAccessor5.invoke(Unknown Source)
	at java.base/jdk.internal.reflect.DelegatingMethodAccessorImpl.invoke(DelegatingMethodAccessorImpl.java:43)
	at java.base/java.lang.reflect.Method.invoke(Method.java:568)
	at org.testng.internal.MethodInvocationHelper.invokeMethod(MethodInvocationHelper.java:124)
	at org.testng.internal.Invoker.invokeMethod(Invoker.java:571)
	at org.testng.internal.Invoker.invokeTestMethod(Invoker.java:707)
	at org.testng.internal.Invoker.invokeTestMethods(Invoker.java:979)
	at org.testng.internal.TestMethodWorker.invokeTestMethods(TestMethodWorker.java:125)
	at org.testng.internal.TestMethodWorker.run(TestMethodWorker.java:109)
	at org.testng.TestRunner.privateRun(TestRunner.java:648)
	at org.testng.TestRunner.run(TestRunner.java:505)
	at org.testng.SuiteRunner.runTest(SuiteRunner.java:455)
	at org.testng.SuiteRunner.runSequentially(SuiteRunner.java:450)
	at org.testng.SuiteRunner.privateRun(SuiteRunner.java:415)
	at org.testng.SuiteRunner.run(SuiteRunner.java:364)
	at org.testng.SuiteRunnerWorker.runSuite(SuiteRunnerWorker.java:52)
	at org.testng.SuiteRunnerWorker.run(SuiteRunnerWorker.java:84)
	at org.testng.TestNG.runSuitesSequentially(TestNG.java:1187)
	at org.testng.TestNG.runSuitesLocally(TestNG.java:1116)
	at org.testng.TestNG.runSuites(TestNG.java:1028)
	at org.testng.TestNG.run(TestNG.java:996)
	at org.testng.remote.AbstractRemoteTestNG.run(AbstractRemoteTestNG.java:115)
	at org.testng.remote.RemoteTestNG.initAndRun(RemoteTestNG.java:251)
	at org.testng.remote.RemoteTestNG.main(RemoteTestNG.java:77)
</pre></div><a href='#' onClick='toggleBox("stack-trace900402163", this, "Click to show all stack frames", "Click to hide stack frames")'>Click to show all stack frames</a>
<div class='stack-trace' id='stack-trace900402163'><pre>org.openqa.selenium.NoSuchElementException: Unable to locate element: //span[contains(text(),&apos;Insights&apos;)]
For documentation on this error, please visit: https://www.seleniumhq.org/exceptions/no_such_element.html
Build info: version: &apos;3.141.59&apos;, revision: &apos;e82be7d358&apos;, time: &apos;2018-11-14T08:25:59&apos;
System info: host: &apos;DESKTOP-LHVEUFN&apos;, ip: &apos;172.17.6.112&apos;, os.name: &apos;Windows 10&apos;, os.arch: &apos;amd64&apos;, os.version: &apos;10.0&apos;, java.version: &apos;17.0.1&apos;
Driver info: org.openqa.selenium.firefox.FirefoxDriver
Capabilities {acceptInsecureCerts: true, browserName: firefox, browserVersion: 105.0.3, javascriptEnabled: true, moz:accessibilityChecks: false, moz:buildID: 20221007134813, moz:geckodriverVersion: 0.31.0, moz:headless: true, moz:platformVersion: 10.0, moz:processID: 12176, moz:profile: C:\Users\nandu\AppData\Loca..., moz:shutdownTimeout: 60000, moz:useNonSpecCompliantPointerOrigin: false, moz:webdriverClick: true, moz:windowless: false, pageLoadStrategy: normal, platform: WINDOWS, platformName: WINDOWS, proxy: Proxy(), setWindowRect: true, strictFileInteractability: false, timeouts: {implicit: 0, pageLoad: 300000, script: 30000}, unhandledPromptBehavior: dismiss and notify}
Session ID: 348cb4a8-5826-4a9f-9f19-9eb3053f219e
*** Element info: {Using=xpath, value=//span[contains(text(),&apos;Insights&apos;)]}
	at java.base/jdk.internal.reflect.NativeConstructorAccessorImpl.newInstance0(Native Method)
	at java.base/jdk.internal.reflect.NativeConstructorAccessorImpl.newInstance(NativeConstructorAccessorImpl.java:77)
	at java.base/jdk.internal.reflect.DelegatingConstructorAccessorImpl.newInstance(DelegatingConstructorAccessorImpl.java:45)
	at java.base/java.lang.reflect.Constructor.newInstanceWithCaller(Constructor.java:499)
	at java.base/java.lang.reflect.Constructor.newInstance(Constructor.java:480)
	at org.openqa.selenium.remote.http.W3CHttpResponseCodec.createException(W3CHttpResponseCodec.java:187)
	at org.openqa.selenium.remote.http.W3CHttpResponseCodec.decode(W3CHttpResponseCodec.java:122)
	at org.openqa.selenium.remote.http.W3CHttpResponseCodec.decode(W3CHttpResponseCodec.java:49)
	at org.openqa.selenium.remote.HttpCommandExecutor.execute(HttpCommandExecutor.java:158)
	at org.openqa.selenium.remote.service.DriverCommandExecutor.execute(DriverCommandExecutor.java:83)
	at org.openqa.selenium.remote.RemoteWebDriver.execute(RemoteWebDriver.java:552)
	at org.openqa.selenium.remote.RemoteWebDriver.findElement(RemoteWebDriver.java:323)
	at org.openqa.selenium.remote.RemoteWebDriver.findElementByXPath(RemoteWebDriver.java:428)
	at org.openqa.selenium.By$ByXPath.findElement(By.java:353)
	at org.openqa.selenium.remote.RemoteWebDriver.findElement(RemoteWebDriver.java:315)
	at com.bobcares.testcases.branding.f1(branding.java:66)
	at jdk.internal.reflect.GeneratedMethodAccessor5.invoke(Unknown Source)
	at java.base/jdk.internal.reflect.DelegatingMethodAccessorImpl.invoke(DelegatingMethodAccessorImpl.java:43)
	at java.base/java.lang.reflect.Method.invoke(Method.java:568)
	at org.testng.internal.MethodInvocationHelper.invokeMethod(MethodInvocationHelper.java:124)
	at org.testng.internal.Invoker.invokeMethod(Invoker.java:571)
	at org.testng.internal.Invoker.invokeTestMethod(Invoker.java:707)
	at org.testng.internal.Invoker.invokeTestMethods(Invoker.java:979)
	at org.testng.internal.TestMethodWorker.invokeTestMethods(TestMethodWorker.java:125)
	at org.testng.internal.TestMethodWorker.run(TestMethodWorker.java:109)
	at org.testng.TestRunner.privateRun(TestRunner.java:648)
	at org.testng.TestRunner.run(TestRunner.java:505)
	at org.testng.SuiteRunner.runTest(SuiteRunner.java:455)
	at org.testng.SuiteRunner.runSequentially(SuiteRunner.java:450)
	at org.testng.SuiteRunner.privateRun(SuiteRunner.java:415)
	at org.testng.SuiteRunner.run(SuiteRunner.java:364)
	at org.testng.SuiteRunnerWorker.runSuite(SuiteRunnerWorker.java:52)
	at org.testng.SuiteRunnerWorker.run(SuiteRunnerWorker.java:84)
	at org.testng.TestNG.runSuitesSequentially(TestNG.java:1187)
	at org.testng.TestNG.runSuitesLocally(TestNG.java:1116)
	at org.testng.TestNG.runSuites(TestNG.java:1028)
	at org.testng.TestNG.run(TestNG.java:996)
	at org.testng.remote.AbstractRemoteTestNG.run(AbstractRemoteTestNG.java:115)
	at org.testng.remote.RemoteTestNG.initAndRun(RemoteTestNG.java:251)
	at org.testng.remote.RemoteTestNG.main(RemoteTestNG.java:77)
</pre></div></td>
<td>57</td>
<td>com.bobcares.testcases.branding@265adfad</td></tr>
<tr>
<td title='com.bobcares.testcases.branding.f1()'><b>f1</b><br>Test class: com.bobcares.testcases.branding<br>Parameters: https://bobcares.com/wp-admin/post.php?post=296765&action=edit&classic-editor, </td>
<td><div><pre>org.openqa.selenium.NoSuchElementException: Unable to locate element: //span[contains(text(),&apos;Insights&apos;)]
For documentation on this error, please visit: https://www.seleniumhq.org/exceptions/no_such_element.html
Build info: version: &apos;3.141.59&apos;, revision: &apos;e82be7d358&apos;, time: &apos;2018-11-14T08:25:59&apos;
System info: host: &apos;DESKTOP-LHVEUFN&apos;, ip: &apos;172.17.6.112&apos;, os.name: &apos;Windows 10&apos;, os.arch: &apos;amd64&apos;, os.version: &apos;10.0&apos;, java.version: &apos;17.0.1&apos;
Driver info: org.openqa.selenium.firefox.FirefoxDriver
Capabilities {acceptInsecureCerts: true, browserName: firefox, browserVersion: 105.0.3, javascriptEnabled: true, moz:accessibilityChecks: false, moz:buildID: 20221007134813, moz:geckodriverVersion: 0.31.0, moz:headless: true, moz:platformVersion: 10.0, moz:processID: 12476, moz:profile: C:\Users\nandu\AppData\Loca..., moz:shutdownTimeout: 60000, moz:useNonSpecCompliantPointerOrigin: false, moz:webdriverClick: true, moz:windowless: false, pageLoadStrategy: normal, platform: WINDOWS, platformName: WINDOWS, proxy: Proxy(), setWindowRect: true, strictFileInteractability: false, timeouts: {implicit: 0, pageLoad: 300000, script: 30000}, unhandledPromptBehavior: dismiss and notify}
Session ID: 2464a614-be50-40e1-a432-e000c6f7b4c1
*** Element info: {Using=xpath, value=//span[contains(text(),&apos;Insights&apos;)]}
	at java.base/jdk.internal.reflect.NativeConstructorAccessorImpl.newInstance0(Native Method)
	at java.base/jdk.internal.reflect.NativeConstructorAccessorImpl.newInstance(NativeConstructorAccessorImpl.java:77)
	at java.base/jdk.internal.reflect.DelegatingConstructorAccessorImpl.newInstance(DelegatingConstructorAccessorImpl.java:45)
	at java.base/java.lang.reflect.Constructor.newInstanceWithCaller(Constructor.java:499)
	at java.base/java.lang.reflect.Constructor.newInstance(Constructor.java:480)
	at org.openqa.selenium.remote.http.W3CHttpResponseCodec.createException(W3CHttpResponseCodec.java:187)
	at org.openqa.selenium.remote.http.W3CHttpResponseCodec.decode(W3CHttpResponseCodec.java:122)
	at org.openqa.selenium.remote.http.W3CHttpResponseCodec.decode(W3CHttpResponseCodec.java:49)
	at org.openqa.selenium.remote.HttpCommandExecutor.execute(HttpCommandExecutor.java:158)
	at org.openqa.selenium.remote.service.DriverCommandExecutor.execute(DriverCommandExecutor.java:83)
	at org.openqa.selenium.remote.RemoteWebDriver.execute(RemoteWebDriver.java:552)
	at org.openqa.selenium.remote.RemoteWebDriver.findElement(RemoteWebDriver.java:323)
	at org.openqa.selenium.remote.RemoteWebDriver.findElementByXPath(RemoteWebDriver.java:428)
	at org.openqa.selenium.By$ByXPath.findElement(By.java:353)
	at org.openqa.selenium.remote.RemoteWebDriver.findElement(RemoteWebDriver.java:315)
	at com.bobcares.testcases.branding.f1(branding.java:66)
	at jdk.internal.reflect.GeneratedMethodAccessor5.invoke(Unknown Source)
	at java.base/jdk.internal.reflect.DelegatingMethodAccessorImpl.invoke(DelegatingMethodAccessorImpl.java:43)
	at java.base/java.lang.reflect.Method.invoke(Method.java:568)
	at org.testng.internal.MethodInvocationHelper.invokeMethod(MethodInvocationHelper.java:124)
	at org.testng.internal.Invoker.invokeMethod(Invoker.java:571)
	at org.testng.internal.Invoker.invokeTestMethod(Invoker.java:707)
	at org.testng.internal.Invoker.invokeTestMethods(Invoker.java:979)
	at org.testng.internal.TestMethodWorker.invokeTestMethods(TestMethodWorker.java:125)
	at org.testng.internal.TestMethodWorker.run(TestMethodWorker.java:109)
	at org.testng.TestRunner.privateRun(TestRunner.java:648)
	at org.testng.TestRunner.run(TestRunner.java:505)
	at org.testng.SuiteRunner.runTest(SuiteRunner.java:455)
	at org.testng.SuiteRunner.runSequentially(SuiteRunner.java:450)
	at org.testng.SuiteRunner.privateRun(SuiteRunner.java:415)
	at org.testng.SuiteRunner.run(SuiteRunner.java:364)
	at org.testng.SuiteRunnerWorker.runSuite(SuiteRunnerWorker.java:52)
	at org.testng.SuiteRunnerWorker.run(SuiteRunnerWorker.java:84)
	at org.testng.TestNG.runSuitesSequentially(TestNG.java:1187)
	at org.testng.TestNG.runSuitesLocally(TestNG.java:1116)
	at org.testng.TestNG.runSuites(TestNG.java:1028)
	at org.testng.TestNG.run(TestNG.java:996)
	at org.testng.remote.AbstractRemoteTestNG.run(AbstractRemoteTestNG.java:115)
	at org.testng.remote.RemoteTestNG.initAndRun(RemoteTestNG.java:251)
	at org.testng.remote.RemoteTestNG.main(RemoteTestNG.java:77)
</pre></div><a href='#' onClick='toggleBox("stack-trace1479770936", this, "Click to show all stack frames", "Click to hide stack frames")'>Click to show all stack frames</a>
<div class='stack-trace' id='stack-trace1479770936'><pre>org.openqa.selenium.NoSuchElementException: Unable to locate element: //span[contains(text(),&apos;Insights&apos;)]
For documentation on this error, please visit: https://www.seleniumhq.org/exceptions/no_such_element.html
Build info: version: &apos;3.141.59&apos;, revision: &apos;e82be7d358&apos;, time: &apos;2018-11-14T08:25:59&apos;
System info: host: &apos;DESKTOP-LHVEUFN&apos;, ip: &apos;172.17.6.112&apos;, os.name: &apos;Windows 10&apos;, os.arch: &apos;amd64&apos;, os.version: &apos;10.0&apos;, java.version: &apos;17.0.1&apos;
Driver info: org.openqa.selenium.firefox.FirefoxDriver
Capabilities {acceptInsecureCerts: true, browserName: firefox, browserVersion: 105.0.3, javascriptEnabled: true, moz:accessibilityChecks: false, moz:buildID: 20221007134813, moz:geckodriverVersion: 0.31.0, moz:headless: true, moz:platformVersion: 10.0, moz:processID: 12476, moz:profile: C:\Users\nandu\AppData\Loca..., moz:shutdownTimeout: 60000, moz:useNonSpecCompliantPointerOrigin: false, moz:webdriverClick: true, moz:windowless: false, pageLoadStrategy: normal, platform: WINDOWS, platformName: WINDOWS, proxy: Proxy(), setWindowRect: true, strictFileInteractability: false, timeouts: {implicit: 0, pageLoad: 300000, script: 30000}, unhandledPromptBehavior: dismiss and notify}
Session ID: 2464a614-be50-40e1-a432-e000c6f7b4c1
*** Element info: {Using=xpath, value=//span[contains(text(),&apos;Insights&apos;)]}
	at java.base/jdk.internal.reflect.NativeConstructorAccessorImpl.newInstance0(Native Method)
	at java.base/jdk.internal.reflect.NativeConstructorAccessorImpl.newInstance(NativeConstructorAccessorImpl.java:77)
	at java.base/jdk.internal.reflect.DelegatingConstructorAccessorImpl.newInstance(DelegatingConstructorAccessorImpl.java:45)
	at java.base/java.lang.reflect.Constructor.newInstanceWithCaller(Constructor.java:499)
	at java.base/java.lang.reflect.Constructor.newInstance(Constructor.java:480)
	at org.openqa.selenium.remote.http.W3CHttpResponseCodec.createException(W3CHttpResponseCodec.java:187)
	at org.openqa.selenium.remote.http.W3CHttpResponseCodec.decode(W3CHttpResponseCodec.java:122)
	at org.openqa.selenium.remote.http.W3CHttpResponseCodec.decode(W3CHttpResponseCodec.java:49)
	at org.openqa.selenium.remote.HttpCommandExecutor.execute(HttpCommandExecutor.java:158)
	at org.openqa.selenium.remote.service.DriverCommandExecutor.execute(DriverCommandExecutor.java:83)
	at org.openqa.selenium.remote.RemoteWebDriver.execute(RemoteWebDriver.java:552)
	at org.openqa.selenium.remote.RemoteWebDriver.findElement(RemoteWebDriver.java:323)
	at org.openqa.selenium.remote.RemoteWebDriver.findElementByXPath(RemoteWebDriver.java:428)
	at org.openqa.selenium.By$ByXPath.findElement(By.java:353)
	at org.openqa.selenium.remote.RemoteWebDriver.findElement(RemoteWebDriver.java:315)
	at com.bobcares.testcases.branding.f1(branding.java:66)
	at jdk.internal.reflect.GeneratedMethodAccessor5.invoke(Unknown Source)
	at java.base/jdk.internal.reflect.DelegatingMethodAccessorImpl.invoke(DelegatingMethodAccessorImpl.java:43)
	at java.base/java.lang.reflect.Method.invoke(Method.java:568)
	at org.testng.internal.MethodInvocationHelper.invokeMethod(MethodInvocationHelper.java:124)
	at org.testng.internal.Invoker.invokeMethod(Invoker.java:571)
	at org.testng.internal.Invoker.invokeTestMethod(Invoker.java:707)
	at org.testng.internal.Invoker.invokeTestMethods(Invoker.java:979)
	at org.testng.internal.TestMethodWorker.invokeTestMethods(TestMethodWorker.java:125)
	at org.testng.internal.TestMethodWorker.run(TestMethodWorker.java:109)
	at org.testng.TestRunner.privateRun(TestRunner.java:648)
	at org.testng.TestRunner.run(TestRunner.java:505)
	at org.testng.SuiteRunner.runTest(SuiteRunner.java:455)
	at org.testng.SuiteRunner.runSequentially(SuiteRunner.java:450)
	at org.testng.SuiteRunner.privateRun(SuiteRunner.java:415)
	at org.testng.SuiteRunner.run(SuiteRunner.java:364)
	at org.testng.SuiteRunnerWorker.runSuite(SuiteRunnerWorker.java:52)
	at org.testng.SuiteRunnerWorker.run(SuiteRunnerWorker.java:84)
	at org.testng.TestNG.runSuitesSequentially(TestNG.java:1187)
	at org.testng.TestNG.runSuitesLocally(TestNG.java:1116)
	at org.testng.TestNG.runSuites(TestNG.java:1028)
	at org.testng.TestNG.run(TestNG.java:996)
	at org.testng.remote.AbstractRemoteTestNG.run(AbstractRemoteTestNG.java:115)
	at org.testng.remote.RemoteTestNG.initAndRun(RemoteTestNG.java:251)
	at org.testng.remote.RemoteTestNG.main(RemoteTestNG.java:77)
</pre></div></td>
<td>89</td>
<td>com.bobcares.testcases.branding@265adfad</td></tr>
<tr>
<td title='com.bobcares.testcases.branding.f1()'><b>f1</b><br>Test class: com.bobcares.testcases.branding<br>Parameters: https://bobcares.com/wp-admin/post.php?post=296111&action=edit&classic-editor, </td>
<td><div><pre>org.openqa.selenium.NoSuchElementException: Unable to locate element: //span[contains(text(),&apos;Insights&apos;)]
For documentation on this error, please visit: https://www.seleniumhq.org/exceptions/no_such_element.html
Build info: version: &apos;3.141.59&apos;, revision: &apos;e82be7d358&apos;, time: &apos;2018-11-14T08:25:59&apos;
System info: host: &apos;DESKTOP-LHVEUFN&apos;, ip: &apos;172.17.6.112&apos;, os.name: &apos;Windows 10&apos;, os.arch: &apos;amd64&apos;, os.version: &apos;10.0&apos;, java.version: &apos;17.0.1&apos;
Driver info: org.openqa.selenium.firefox.FirefoxDriver
Capabilities {acceptInsecureCerts: true, browserName: firefox, browserVersion: 105.0.3, javascriptEnabled: true, moz:accessibilityChecks: false, moz:buildID: 20221007134813, moz:geckodriverVersion: 0.31.0, moz:headless: true, moz:platformVersion: 10.0, moz:processID: 13152, moz:profile: C:\Users\nandu\AppData\Loca..., moz:shutdownTimeout: 60000, moz:useNonSpecCompliantPointerOrigin: false, moz:webdriverClick: true, moz:windowless: false, pageLoadStrategy: normal, platform: WINDOWS, platformName: WINDOWS, proxy: Proxy(), setWindowRect: true, strictFileInteractability: false, timeouts: {implicit: 0, pageLoad: 300000, script: 30000}, unhandledPromptBehavior: dismiss and notify}
Session ID: 7d4a5b8d-282d-43ff-abc7-67ae5c74e53f
*** Element info: {Using=xpath, value=//span[contains(text(),&apos;Insights&apos;)]}
	at java.base/jdk.internal.reflect.NativeConstructorAccessorImpl.newInstance0(Native Method)
	at java.base/jdk.internal.reflect.NativeConstructorAccessorImpl.newInstance(NativeConstructorAccessorImpl.java:77)
	at java.base/jdk.internal.reflect.DelegatingConstructorAccessorImpl.newInstance(DelegatingConstructorAccessorImpl.java:45)
	at java.base/java.lang.reflect.Constructor.newInstanceWithCaller(Constructor.java:499)
	at java.base/java.lang.reflect.Constructor.newInstance(Constructor.java:480)
	at org.openqa.selenium.remote.http.W3CHttpResponseCodec.createException(W3CHttpResponseCodec.java:187)
	at org.openqa.selenium.remote.http.W3CHttpResponseCodec.decode(W3CHttpResponseCodec.java:122)
	at org.openqa.selenium.remote.http.W3CHttpResponseCodec.decode(W3CHttpResponseCodec.java:49)
	at org.openqa.selenium.remote.HttpCommandExecutor.execute(HttpCommandExecutor.java:158)
	at org.openqa.selenium.remote.service.DriverCommandExecutor.execute(DriverCommandExecutor.java:83)
	at org.openqa.selenium.remote.RemoteWebDriver.execute(RemoteWebDriver.java:552)
	at org.openqa.selenium.remote.RemoteWebDriver.findElement(RemoteWebDriver.java:323)
	at org.openqa.selenium.remote.RemoteWebDriver.findElementByXPath(RemoteWebDriver.java:428)
	at org.openqa.selenium.By$ByXPath.findElement(By.java:353)
	at org.openqa.selenium.remote.RemoteWebDriver.findElement(RemoteWebDriver.java:315)
	at com.bobcares.testcases.branding.f1(branding.java:66)
	at jdk.internal.reflect.GeneratedMethodAccessor5.invoke(Unknown Source)
	at java.base/jdk.internal.reflect.DelegatingMethodAccessorImpl.invoke(DelegatingMethodAccessorImpl.java:43)
	at java.base/java.lang.reflect.Method.invoke(Method.java:568)
	at org.testng.internal.MethodInvocationHelper.invokeMethod(MethodInvocationHelper.java:124)
	at org.testng.internal.Invoker.invokeMethod(Invoker.java:571)
	at org.testng.internal.Invoker.invokeTestMethod(Invoker.java:707)
	at org.testng.internal.Invoker.invokeTestMethods(Invoker.java:979)
	at org.testng.internal.TestMethodWorker.invokeTestMethods(TestMethodWorker.java:125)
	at org.testng.internal.TestMethodWorker.run(TestMethodWorker.java:109)
	at org.testng.TestRunner.privateRun(TestRunner.java:648)
	at org.testng.TestRunner.run(TestRunner.java:505)
	at org.testng.SuiteRunner.runTest(SuiteRunner.java:455)
	at org.testng.SuiteRunner.runSequentially(SuiteRunner.java:450)
	at org.testng.SuiteRunner.privateRun(SuiteRunner.java:415)
	at org.testng.SuiteRunner.run(SuiteRunner.java:364)
	at org.testng.SuiteRunnerWorker.runSuite(SuiteRunnerWorker.java:52)
	at org.testng.SuiteRunnerWorker.run(SuiteRunnerWorker.java:84)
	at org.testng.TestNG.runSuitesSequentially(TestNG.java:1187)
	at org.testng.TestNG.runSuitesLocally(TestNG.java:1116)
	at org.testng.TestNG.runSuites(TestNG.java:1028)
	at org.testng.TestNG.run(TestNG.java:996)
	at org.testng.remote.AbstractRemoteTestNG.run(AbstractRemoteTestNG.java:115)
	at org.testng.remote.RemoteTestNG.initAndRun(RemoteTestNG.java:251)
	at org.testng.remote.RemoteTestNG.main(RemoteTestNG.java:77)
</pre></div><a href='#' onClick='toggleBox("stack-trace584019100", this, "Click to show all stack frames", "Click to hide stack frames")'>Click to show all stack frames</a>
<div class='stack-trace' id='stack-trace584019100'><pre>org.openqa.selenium.NoSuchElementException: Unable to locate element: //span[contains(text(),&apos;Insights&apos;)]
For documentation on this error, please visit: https://www.seleniumhq.org/exceptions/no_such_element.html
Build info: version: &apos;3.141.59&apos;, revision: &apos;e82be7d358&apos;, time: &apos;2018-11-14T08:25:59&apos;
System info: host: &apos;DESKTOP-LHVEUFN&apos;, ip: &apos;172.17.6.112&apos;, os.name: &apos;Windows 10&apos;, os.arch: &apos;amd64&apos;, os.version: &apos;10.0&apos;, java.version: &apos;17.0.1&apos;
Driver info: org.openqa.selenium.firefox.FirefoxDriver
Capabilities {acceptInsecureCerts: true, browserName: firefox, browserVersion: 105.0.3, javascriptEnabled: true, moz:accessibilityChecks: false, moz:buildID: 20221007134813, moz:geckodriverVersion: 0.31.0, moz:headless: true, moz:platformVersion: 10.0, moz:processID: 13152, moz:profile: C:\Users\nandu\AppData\Loca..., moz:shutdownTimeout: 60000, moz:useNonSpecCompliantPointerOrigin: false, moz:webdriverClick: true, moz:windowless: false, pageLoadStrategy: normal, platform: WINDOWS, platformName: WINDOWS, proxy: Proxy(), setWindowRect: true, strictFileInteractability: false, timeouts: {implicit: 0, pageLoad: 300000, script: 30000}, unhandledPromptBehavior: dismiss and notify}
Session ID: 7d4a5b8d-282d-43ff-abc7-67ae5c74e53f
*** Element info: {Using=xpath, value=//span[contains(text(),&apos;Insights&apos;)]}
	at java.base/jdk.internal.reflect.NativeConstructorAccessorImpl.newInstance0(Native Method)
	at java.base/jdk.internal.reflect.NativeConstructorAccessorImpl.newInstance(NativeConstructorAccessorImpl.java:77)
	at java.base/jdk.internal.reflect.DelegatingConstructorAccessorImpl.newInstance(DelegatingConstructorAccessorImpl.java:45)
	at java.base/java.lang.reflect.Constructor.newInstanceWithCaller(Constructor.java:499)
	at java.base/java.lang.reflect.Constructor.newInstance(Constructor.java:480)
	at org.openqa.selenium.remote.http.W3CHttpResponseCodec.createException(W3CHttpResponseCodec.java:187)
	at org.openqa.selenium.remote.http.W3CHttpResponseCodec.decode(W3CHttpResponseCodec.java:122)
	at org.openqa.selenium.remote.http.W3CHttpResponseCodec.decode(W3CHttpResponseCodec.java:49)
	at org.openqa.selenium.remote.HttpCommandExecutor.execute(HttpCommandExecutor.java:158)
	at org.openqa.selenium.remote.service.DriverCommandExecutor.execute(DriverCommandExecutor.java:83)
	at org.openqa.selenium.remote.RemoteWebDriver.execute(RemoteWebDriver.java:552)
	at org.openqa.selenium.remote.RemoteWebDriver.findElement(RemoteWebDriver.java:323)
	at org.openqa.selenium.remote.RemoteWebDriver.findElementByXPath(RemoteWebDriver.java:428)
	at org.openqa.selenium.By$ByXPath.findElement(By.java:353)
	at org.openqa.selenium.remote.RemoteWebDriver.findElement(RemoteWebDriver.java:315)
	at com.bobcares.testcases.branding.f1(branding.java:66)
	at jdk.internal.reflect.GeneratedMethodAccessor5.invoke(Unknown Source)
	at java.base/jdk.internal.reflect.DelegatingMethodAccessorImpl.invoke(DelegatingMethodAccessorImpl.java:43)
	at java.base/java.lang.reflect.Method.invoke(Method.java:568)
	at org.testng.internal.MethodInvocationHelper.invokeMethod(MethodInvocationHelper.java:124)
	at org.testng.internal.Invoker.invokeMethod(Invoker.java:571)
	at org.testng.internal.Invoker.invokeTestMethod(Invoker.java:707)
	at org.testng.internal.Invoker.invokeTestMethods(Invoker.java:979)
	at org.testng.internal.TestMethodWorker.invokeTestMethods(TestMethodWorker.java:125)
	at org.testng.internal.TestMethodWorker.run(TestMethodWorker.java:109)
	at org.testng.TestRunner.privateRun(TestRunner.java:648)
	at org.testng.TestRunner.run(TestRunner.java:505)
	at org.testng.SuiteRunner.runTest(SuiteRunner.java:455)
	at org.testng.SuiteRunner.runSequentially(SuiteRunner.java:450)
	at org.testng.SuiteRunner.privateRun(SuiteRunner.java:415)
	at org.testng.SuiteRunner.run(SuiteRunner.java:364)
	at org.testng.SuiteRunnerWorker.runSuite(SuiteRunnerWorker.java:52)
	at org.testng.SuiteRunnerWorker.run(SuiteRunnerWorker.java:84)
	at org.testng.TestNG.runSuitesSequentially(TestNG.java:1187)
	at org.testng.TestNG.runSuitesLocally(TestNG.java:1116)
	at org.testng.TestNG.runSuites(TestNG.java:1028)
	at org.testng.TestNG.run(TestNG.java:996)
	at org.testng.remote.AbstractRemoteTestNG.run(AbstractRemoteTestNG.java:115)
	at org.testng.remote.RemoteTestNG.initAndRun(RemoteTestNG.java:251)
	at org.testng.remote.RemoteTestNG.main(RemoteTestNG.java:77)
</pre></div></td>
<td>121</td>
<td>com.bobcares.testcases.branding@265adfad</td></tr>
<tr>
<td title='com.bobcares.testcases.branding.f1()'><b>f1</b><br>Test class: com.bobcares.testcases.branding<br>Parameters: https://bobcares.com/wp-admin/post.php?post=296397&action=edit&classic-editor, </td>
<td><div><pre>org.openqa.selenium.NoSuchElementException: Unable to locate element: //span[contains(text(),&apos;Insights&apos;)]
For documentation on this error, please visit: https://www.seleniumhq.org/exceptions/no_such_element.html
Build info: version: &apos;3.141.59&apos;, revision: &apos;e82be7d358&apos;, time: &apos;2018-11-14T08:25:59&apos;
System info: host: &apos;DESKTOP-LHVEUFN&apos;, ip: &apos;172.17.6.112&apos;, os.name: &apos;Windows 10&apos;, os.arch: &apos;amd64&apos;, os.version: &apos;10.0&apos;, java.version: &apos;17.0.1&apos;
Driver info: org.openqa.selenium.firefox.FirefoxDriver
Capabilities {acceptInsecureCerts: true, browserName: firefox, browserVersion: 105.0.3, javascriptEnabled: true, moz:accessibilityChecks: false, moz:buildID: 20221007134813, moz:geckodriverVersion: 0.31.0, moz:headless: true, moz:platformVersion: 10.0, moz:processID: 11236, moz:profile: C:\Users\nandu\AppData\Loca..., moz:shutdownTimeout: 60000, moz:useNonSpecCompliantPointerOrigin: false, moz:webdriverClick: true, moz:windowless: false, pageLoadStrategy: normal, platform: WINDOWS, platformName: WINDOWS, proxy: Proxy(), setWindowRect: true, strictFileInteractability: false, timeouts: {implicit: 0, pageLoad: 300000, script: 30000}, unhandledPromptBehavior: dismiss and notify}
Session ID: b74e575a-8dde-4b88-ba99-4d564a31f816
*** Element info: {Using=xpath, value=//span[contains(text(),&apos;Insights&apos;)]}
	at java.base/jdk.internal.reflect.NativeConstructorAccessorImpl.newInstance0(Native Method)
	at java.base/jdk.internal.reflect.NativeConstructorAccessorImpl.newInstance(NativeConstructorAccessorImpl.java:77)
	at java.base/jdk.internal.reflect.DelegatingConstructorAccessorImpl.newInstance(DelegatingConstructorAccessorImpl.java:45)
	at java.base/java.lang.reflect.Constructor.newInstanceWithCaller(Constructor.java:499)
	at java.base/java.lang.reflect.Constructor.newInstance(Constructor.java:480)
	at org.openqa.selenium.remote.http.W3CHttpResponseCodec.createException(W3CHttpResponseCodec.java:187)
	at org.openqa.selenium.remote.http.W3CHttpResponseCodec.decode(W3CHttpResponseCodec.java:122)
	at org.openqa.selenium.remote.http.W3CHttpResponseCodec.decode(W3CHttpResponseCodec.java:49)
	at org.openqa.selenium.remote.HttpCommandExecutor.execute(HttpCommandExecutor.java:158)
	at org.openqa.selenium.remote.service.DriverCommandExecutor.execute(DriverCommandExecutor.java:83)
	at org.openqa.selenium.remote.RemoteWebDriver.execute(RemoteWebDriver.java:552)
	at org.openqa.selenium.remote.RemoteWebDriver.findElement(RemoteWebDriver.java:323)
	at org.openqa.selenium.remote.RemoteWebDriver.findElementByXPath(RemoteWebDriver.java:428)
	at org.openqa.selenium.By$ByXPath.findElement(By.java:353)
	at org.openqa.selenium.remote.RemoteWebDriver.findElement(RemoteWebDriver.java:315)
	at com.bobcares.testcases.branding.f1(branding.java:66)
	at jdk.internal.reflect.GeneratedMethodAccessor5.invoke(Unknown Source)
	at java.base/jdk.internal.reflect.DelegatingMethodAccessorImpl.invoke(DelegatingMethodAccessorImpl.java:43)
	at java.base/java.lang.reflect.Method.invoke(Method.java:568)
	at org.testng.internal.MethodInvocationHelper.invokeMethod(MethodInvocationHelper.java:124)
	at org.testng.internal.Invoker.invokeMethod(Invoker.java:571)
	at org.testng.internal.Invoker.invokeTestMethod(Invoker.java:707)
	at org.testng.internal.Invoker.invokeTestMethods(Invoker.java:979)
	at org.testng.internal.TestMethodWorker.invokeTestMethods(TestMethodWorker.java:125)
	at org.testng.internal.TestMethodWorker.run(TestMethodWorker.java:109)
	at org.testng.TestRunner.privateRun(TestRunner.java:648)
	at org.testng.TestRunner.run(TestRunner.java:505)
	at org.testng.SuiteRunner.runTest(SuiteRunner.java:455)
	at org.testng.SuiteRunner.runSequentially(SuiteRunner.java:450)
	at org.testng.SuiteRunner.privateRun(SuiteRunner.java:415)
	at org.testng.SuiteRunner.run(SuiteRunner.java:364)
	at org.testng.SuiteRunnerWorker.runSuite(SuiteRunnerWorker.java:52)
	at org.testng.SuiteRunnerWorker.run(SuiteRunnerWorker.java:84)
	at org.testng.TestNG.runSuitesSequentially(TestNG.java:1187)
	at org.testng.TestNG.runSuitesLocally(TestNG.java:1116)
	at org.testng.TestNG.runSuites(TestNG.java:1028)
	at org.testng.TestNG.run(TestNG.java:996)
	at org.testng.remote.AbstractRemoteTestNG.run(AbstractRemoteTestNG.java:115)
	at org.testng.remote.RemoteTestNG.initAndRun(RemoteTestNG.java:251)
	at org.testng.remote.RemoteTestNG.main(RemoteTestNG.java:77)
</pre></div><a href='#' onClick='toggleBox("stack-trace1565138220", this, "Click to show all stack frames", "Click to hide stack frames")'>Click to show all stack frames</a>
<div class='stack-trace' id='stack-trace1565138220'><pre>org.openqa.selenium.NoSuchElementException: Unable to locate element: //span[contains(text(),&apos;Insights&apos;)]
For documentation on this error, please visit: https://www.seleniumhq.org/exceptions/no_such_element.html
Build info: version: &apos;3.141.59&apos;, revision: &apos;e82be7d358&apos;, time: &apos;2018-11-14T08:25:59&apos;
System info: host: &apos;DESKTOP-LHVEUFN&apos;, ip: &apos;172.17.6.112&apos;, os.name: &apos;Windows 10&apos;, os.arch: &apos;amd64&apos;, os.version: &apos;10.0&apos;, java.version: &apos;17.0.1&apos;
Driver info: org.openqa.selenium.firefox.FirefoxDriver
Capabilities {acceptInsecureCerts: true, browserName: firefox, browserVersion: 105.0.3, javascriptEnabled: true, moz:accessibilityChecks: false, moz:buildID: 20221007134813, moz:geckodriverVersion: 0.31.0, moz:headless: true, moz:platformVersion: 10.0, moz:processID: 11236, moz:profile: C:\Users\nandu\AppData\Loca..., moz:shutdownTimeout: 60000, moz:useNonSpecCompliantPointerOrigin: false, moz:webdriverClick: true, moz:windowless: false, pageLoadStrategy: normal, platform: WINDOWS, platformName: WINDOWS, proxy: Proxy(), setWindowRect: true, strictFileInteractability: false, timeouts: {implicit: 0, pageLoad: 300000, script: 30000}, unhandledPromptBehavior: dismiss and notify}
Session ID: b74e575a-8dde-4b88-ba99-4d564a31f816
*** Element info: {Using=xpath, value=//span[contains(text(),&apos;Insights&apos;)]}
	at java.base/jdk.internal.reflect.NativeConstructorAccessorImpl.newInstance0(Native Method)
	at java.base/jdk.internal.reflect.NativeConstructorAccessorImpl.newInstance(NativeConstructorAccessorImpl.java:77)
	at java.base/jdk.internal.reflect.DelegatingConstructorAccessorImpl.newInstance(DelegatingConstructorAccessorImpl.java:45)
	at java.base/java.lang.reflect.Constructor.newInstanceWithCaller(Constructor.java:499)
	at java.base/java.lang.reflect.Constructor.newInstance(Constructor.java:480)
	at org.openqa.selenium.remote.http.W3CHttpResponseCodec.createException(W3CHttpResponseCodec.java:187)
	at org.openqa.selenium.remote.http.W3CHttpResponseCodec.decode(W3CHttpResponseCodec.java:122)
	at org.openqa.selenium.remote.http.W3CHttpResponseCodec.decode(W3CHttpResponseCodec.java:49)
	at org.openqa.selenium.remote.HttpCommandExecutor.execute(HttpCommandExecutor.java:158)
	at org.openqa.selenium.remote.service.DriverCommandExecutor.execute(DriverCommandExecutor.java:83)
	at org.openqa.selenium.remote.RemoteWebDriver.execute(RemoteWebDriver.java:552)
	at org.openqa.selenium.remote.RemoteWebDriver.findElement(RemoteWebDriver.java:323)
	at org.openqa.selenium.remote.RemoteWebDriver.findElementByXPath(RemoteWebDriver.java:428)
	at org.openqa.selenium.By$ByXPath.findElement(By.java:353)
	at org.openqa.selenium.remote.RemoteWebDriver.findElement(RemoteWebDriver.java:315)
	at com.bobcares.testcases.branding.f1(branding.java:66)
	at jdk.internal.reflect.GeneratedMethodAccessor5.invoke(Unknown Source)
	at java.base/jdk.internal.reflect.DelegatingMethodAccessorImpl.invoke(DelegatingMethodAccessorImpl.java:43)
	at java.base/java.lang.reflect.Method.invoke(Method.java:568)
	at org.testng.internal.MethodInvocationHelper.invokeMethod(MethodInvocationHelper.java:124)
	at org.testng.internal.Invoker.invokeMethod(Invoker.java:571)
	at org.testng.internal.Invoker.invokeTestMethod(Invoker.java:707)
	at org.testng.internal.Invoker.invokeTestMethods(Invoker.java:979)
	at org.testng.internal.TestMethodWorker.invokeTestMethods(TestMethodWorker.java:125)
	at org.testng.internal.TestMethodWorker.run(TestMethodWorker.java:109)
	at org.testng.TestRunner.privateRun(TestRunner.java:648)
	at org.testng.TestRunner.run(TestRunner.java:505)
	at org.testng.SuiteRunner.runTest(SuiteRunner.java:455)
	at org.testng.SuiteRunner.runSequentially(SuiteRunner.java:450)
	at org.testng.SuiteRunner.privateRun(SuiteRunner.java:415)
	at org.testng.SuiteRunner.run(SuiteRunner.java:364)
	at org.testng.SuiteRunnerWorker.runSuite(SuiteRunnerWorker.java:52)
	at org.testng.SuiteRunnerWorker.run(SuiteRunnerWorker.java:84)
	at org.testng.TestNG.runSuitesSequentially(TestNG.java:1187)
	at org.testng.TestNG.runSuitesLocally(TestNG.java:1116)
	at org.testng.TestNG.runSuites(TestNG.java:1028)
	at org.testng.TestNG.run(TestNG.java:996)
	at org.testng.remote.AbstractRemoteTestNG.run(AbstractRemoteTestNG.java:115)
	at org.testng.remote.RemoteTestNG.initAndRun(RemoteTestNG.java:251)
	at org.testng.remote.RemoteTestNG.main(RemoteTestNG.java:77)
</pre></div></td>
<td>59</td>
<td>com.bobcares.testcases.branding@265adfad</td></tr>
<tr>
<td title='com.bobcares.testcases.branding.f1()'><b>f1</b><br>Test class: com.bobcares.testcases.branding<br>Parameters: https://bobcares.com/wp-admin/post.php?post=296647&action=edit&classic-editor, </td>
<td><div><pre>org.openqa.selenium.ElementNotInteractableException: Element &lt;span class=&quot;screen-reader-text&quot;&gt; could not be scrolled into view
Build info: version: &apos;3.141.59&apos;, revision: &apos;e82be7d358&apos;, time: &apos;2018-11-14T08:25:59&apos;
System info: host: &apos;DESKTOP-LHVEUFN&apos;, ip: &apos;172.17.6.112&apos;, os.name: &apos;Windows 10&apos;, os.arch: &apos;amd64&apos;, os.version: &apos;10.0&apos;, java.version: &apos;17.0.1&apos;
Driver info: org.openqa.selenium.firefox.FirefoxDriver
Capabilities {acceptInsecureCerts: true, browserName: firefox, browserVersion: 105.0.3, javascriptEnabled: true, moz:accessibilityChecks: false, moz:buildID: 20221007134813, moz:geckodriverVersion: 0.31.0, moz:headless: true, moz:platformVersion: 10.0, moz:processID: 12588, moz:profile: C:\Users\nandu\AppData\Loca..., moz:shutdownTimeout: 60000, moz:useNonSpecCompliantPointerOrigin: false, moz:webdriverClick: true, moz:windowless: false, pageLoadStrategy: normal, platform: WINDOWS, platformName: WINDOWS, proxy: Proxy(), setWindowRect: true, strictFileInteractability: false, timeouts: {implicit: 0, pageLoad: 300000, script: 30000}, unhandledPromptBehavior: dismiss and notify}
Session ID: 45105efb-1254-4956-8691-ee9fc20c0c5a
	at java.base/jdk.internal.reflect.NativeConstructorAccessorImpl.newInstance0(Native Method)
	at java.base/jdk.internal.reflect.NativeConstructorAccessorImpl.newInstance(NativeConstructorAccessorImpl.java:77)
	at java.base/jdk.internal.reflect.DelegatingConstructorAccessorImpl.newInstance(DelegatingConstructorAccessorImpl.java:45)
	at java.base/java.lang.reflect.Constructor.newInstanceWithCaller(Constructor.java:499)
	at java.base/java.lang.reflect.Constructor.newInstance(Constructor.java:480)
	at org.openqa.selenium.remote.http.W3CHttpResponseCodec.createException(W3CHttpResponseCodec.java:187)
	at org.openqa.selenium.remote.http.W3CHttpResponseCodec.decode(W3CHttpResponseCodec.java:122)
	at org.openqa.selenium.remote.http.W3CHttpResponseCodec.decode(W3CHttpResponseCodec.java:49)
	at org.openqa.selenium.remote.HttpCommandExecutor.execute(HttpCommandExecutor.java:158)
	at org.openqa.selenium.remote.service.DriverCommandExecutor.execute(DriverCommandExecutor.java:83)
	at org.openqa.selenium.remote.RemoteWebDriver.execute(RemoteWebDriver.java:552)
	at org.openqa.selenium.remote.RemoteWebElement.execute(RemoteWebElement.java:285)
	at org.openqa.selenium.remote.RemoteWebElement.click(RemoteWebElement.java:84)
	at com.bobcares.testcases.branding.f1(branding.java:66)
	at jdk.internal.reflect.GeneratedMethodAccessor5.invoke(Unknown Source)
	at java.base/jdk.internal.reflect.DelegatingMethodAccessorImpl.invoke(DelegatingMethodAccessorImpl.java:43)
	at java.base/java.lang.reflect.Method.invoke(Method.java:568)
	at org.testng.internal.MethodInvocationHelper.invokeMethod(MethodInvocationHelper.java:124)
	at org.testng.internal.Invoker.invokeMethod(Invoker.java:571)
	at org.testng.internal.Invoker.invokeTestMethod(Invoker.java:707)
	at org.testng.internal.Invoker.invokeTestMethods(Invoker.java:979)
	at org.testng.internal.TestMethodWorker.invokeTestMethods(TestMethodWorker.java:125)
	at org.testng.internal.TestMethodWorker.run(TestMethodWorker.java:109)
	at org.testng.TestRunner.privateRun(TestRunner.java:648)
	at org.testng.TestRunner.run(TestRunner.java:505)
	at org.testng.SuiteRunner.runTest(SuiteRunner.java:455)
	at org.testng.SuiteRunner.runSequentially(SuiteRunner.java:450)
	at org.testng.SuiteRunner.privateRun(SuiteRunner.java:415)
	at org.testng.SuiteRunner.run(SuiteRunner.java:364)
	at org.testng.SuiteRunnerWorker.runSuite(SuiteRunnerWorker.java:52)
	at org.testng.SuiteRunnerWorker.run(SuiteRunnerWorker.java:84)
	at org.testng.TestNG.runSuitesSequentially(TestNG.java:1187)
	at org.testng.TestNG.runSuitesLocally(TestNG.java:1116)
	at org.testng.TestNG.runSuites(TestNG.java:1028)
	at org.testng.TestNG.run(TestNG.java:996)
	at org.testng.remote.AbstractRemoteTestNG.run(AbstractRemoteTestNG.java:115)
	at org.testng.remote.RemoteTestNG.initAndRun(RemoteTestNG.java:251)
	at org.testng.remote.RemoteTestNG.main(RemoteTestNG.java:77)
</pre></div><a href='#' onClick='toggleBox("stack-trace152991414", this, "Click to show all stack frames", "Click to hide stack frames")'>Click to show all stack frames</a>
<div class='stack-trace' id='stack-trace152991414'><pre>org.openqa.selenium.ElementNotInteractableException: Element &lt;span class=&quot;screen-reader-text&quot;&gt; could not be scrolled into view
Build info: version: &apos;3.141.59&apos;, revision: &apos;e82be7d358&apos;, time: &apos;2018-11-14T08:25:59&apos;
System info: host: &apos;DESKTOP-LHVEUFN&apos;, ip: &apos;172.17.6.112&apos;, os.name: &apos;Windows 10&apos;, os.arch: &apos;amd64&apos;, os.version: &apos;10.0&apos;, java.version: &apos;17.0.1&apos;
Driver info: org.openqa.selenium.firefox.FirefoxDriver
Capabilities {acceptInsecureCerts: true, browserName: firefox, browserVersion: 105.0.3, javascriptEnabled: true, moz:accessibilityChecks: false, moz:buildID: 20221007134813, moz:geckodriverVersion: 0.31.0, moz:headless: true, moz:platformVersion: 10.0, moz:processID: 12588, moz:profile: C:\Users\nandu\AppData\Loca..., moz:shutdownTimeout: 60000, moz:useNonSpecCompliantPointerOrigin: false, moz:webdriverClick: true, moz:windowless: false, pageLoadStrategy: normal, platform: WINDOWS, platformName: WINDOWS, proxy: Proxy(), setWindowRect: true, strictFileInteractability: false, timeouts: {implicit: 0, pageLoad: 300000, script: 30000}, unhandledPromptBehavior: dismiss and notify}
Session ID: 45105efb-1254-4956-8691-ee9fc20c0c5a
	at java.base/jdk.internal.reflect.NativeConstructorAccessorImpl.newInstance0(Native Method)
	at java.base/jdk.internal.reflect.NativeConstructorAccessorImpl.newInstance(NativeConstructorAccessorImpl.java:77)
	at java.base/jdk.internal.reflect.DelegatingConstructorAccessorImpl.newInstance(DelegatingConstructorAccessorImpl.java:45)
	at java.base/java.lang.reflect.Constructor.newInstanceWithCaller(Constructor.java:499)
	at java.base/java.lang.reflect.Constructor.newInstance(Constructor.java:480)
	at org.openqa.selenium.remote.http.W3CHttpResponseCodec.createException(W3CHttpResponseCodec.java:187)
	at org.openqa.selenium.remote.http.W3CHttpResponseCodec.decode(W3CHttpResponseCodec.java:122)
	at org.openqa.selenium.remote.http.W3CHttpResponseCodec.decode(W3CHttpResponseCodec.java:49)
	at org.openqa.selenium.remote.HttpCommandExecutor.execute(HttpCommandExecutor.java:158)
	at org.openqa.selenium.remote.service.DriverCommandExecutor.execute(DriverCommandExecutor.java:83)
	at org.openqa.selenium.remote.RemoteWebDriver.execute(RemoteWebDriver.java:552)
	at org.openqa.selenium.remote.RemoteWebElement.execute(RemoteWebElement.java:285)
	at org.openqa.selenium.remote.RemoteWebElement.click(RemoteWebElement.java:84)
	at com.bobcares.testcases.branding.f1(branding.java:66)
	at jdk.internal.reflect.GeneratedMethodAccessor5.invoke(Unknown Source)
	at java.base/jdk.internal.reflect.DelegatingMethodAccessorImpl.invoke(DelegatingMethodAccessorImpl.java:43)
	at java.base/java.lang.reflect.Method.invoke(Method.java:568)
	at org.testng.internal.MethodInvocationHelper.invokeMethod(MethodInvocationHelper.java:124)
	at org.testng.internal.Invoker.invokeMethod(Invoker.java:571)
	at org.testng.internal.Invoker.invokeTestMethod(Invoker.java:707)
	at org.testng.internal.Invoker.invokeTestMethods(Invoker.java:979)
	at org.testng.internal.TestMethodWorker.invokeTestMethods(TestMethodWorker.java:125)
	at org.testng.internal.TestMethodWorker.run(TestMethodWorker.java:109)
	at org.testng.TestRunner.privateRun(TestRunner.java:648)
	at org.testng.TestRunner.run(TestRunner.java:505)
	at org.testng.SuiteRunner.runTest(SuiteRunner.java:455)
	at org.testng.SuiteRunner.runSequentially(SuiteRunner.java:450)
	at org.testng.SuiteRunner.privateRun(SuiteRunner.java:415)
	at org.testng.SuiteRunner.run(SuiteRunner.java:364)
	at org.testng.SuiteRunnerWorker.runSuite(SuiteRunnerWorker.java:52)
	at org.testng.SuiteRunnerWorker.run(SuiteRunnerWorker.java:84)
	at org.testng.TestNG.runSuitesSequentially(TestNG.java:1187)
	at org.testng.TestNG.runSuitesLocally(TestNG.java:1116)
	at org.testng.TestNG.runSuites(TestNG.java:1028)
	at org.testng.TestNG.run(TestNG.java:996)
	at org.testng.remote.AbstractRemoteTestNG.run(AbstractRemoteTestNG.java:115)
	at org.testng.remote.RemoteTestNG.initAndRun(RemoteTestNG.java:251)
	at org.testng.remote.RemoteTestNG.main(RemoteTestNG.java:77)
</pre></div></td>
<td>32</td>
<td>com.bobcares.testcases.branding@265adfad</td></tr>
</table><p>
<table width='100%' border='1' class='invocation-passed'>
<tr><td colspan='4' align='center'><b>PASSED TESTS</b></td></tr>
<tr><td><b>Test method</b></td>
<td width="30%"><b>Exception</b></td>
<td width="10%"><b>Time (seconds)</b></td>
<td><b>Instance</b></td>
</tr>
<tr>
<td title='com.bobcares.testcases.branding.f1()'><b>f1</b><br>Test class: com.bobcares.testcases.branding<br>Parameters: https://bobcares.com/wp-admin/post.php?post=296120&action=edit&classic-editor, </td>
<td></td>
<td>53</td>
<td>com.bobcares.testcases.branding@265adfad</td></tr>
<tr>
<td title='com.bobcares.testcases.branding.f1()'><b>f1</b><br>Test class: com.bobcares.testcases.branding<br>Parameters: https://bobcares.com/wp-admin/post.php?post=295616&action=edit&classic-editor, </td>
<td></td>
<td>44</td>
<td>com.bobcares.testcases.branding@265adfad</td></tr>
<tr>
<td title='com.bobcares.testcases.branding.f1()'><b>f1</b><br>Test class: com.bobcares.testcases.branding<br>Parameters: https://bobcares.com/wp-admin/post.php?post=295678&action=edit&classic-editor, </td>
<td></td>
<td>40</td>
<td>com.bobcares.testcases.branding@265adfad</td></tr>
<tr>
<td title='com.bobcares.testcases.branding.f1()'><b>f1</b><br>Test class: com.bobcares.testcases.branding<br>Parameters: https://bobcares.com/wp-admin/post.php?post=295710&action=edit&classic-editor, </td>
<td></td>
<td>42</td>
<td>com.bobcares.testcases.branding@265adfad</td></tr>
<tr>
<td title='com.bobcares.testcases.branding.f1()'><b>f1</b><br>Test class: com.bobcares.testcases.branding<br>Parameters: https://bobcares.com/wp-admin/post.php?post=295797&action=edit&classic-editor, </td>
<td></td>
<td>46</td>
<td>com.bobcares.testcases.branding@265adfad</td></tr>
<tr>
<td title='com.bobcares.testcases.branding.f1()'><b>f1</b><br>Test class: com.bobcares.testcases.branding<br>Parameters: https://bobcares.com/wp-admin/post.php?post=295735&action=edit&classic-editor, </td>
<td></td>
<td>40</td>
<td>com.bobcares.testcases.branding@265adfad</td></tr>
<tr>
<td title='com.bobcares.testcases.branding.f1()'><b>f1</b><br>Test class: com.bobcares.testcases.branding<br>Parameters: https://bobcares.com/wp-admin/post.php?post=295784&action=edit&classic-editor, </td>
<td></td>
<td>41</td>
<td>com.bobcares.testcases.branding@265adfad</td></tr>
<tr>
<td title='com.bobcares.testcases.branding.f1()'><b>f1</b><br>Test class: com.bobcares.testcases.branding<br>Parameters: https://bobcares.com/wp-admin/post.php?post=295713&action=edit&classic-editor, </td>
<td></td>
<td>40</td>
<td>com.bobcares.testcases.branding@265adfad</td></tr>
<tr>
<td title='com.bobcares.testcases.branding.f1()'><b>f1</b><br>Test class: com.bobcares.testcases.branding<br>Parameters: https://bobcares.com/wp-admin/post.php?post=295809&action=edit&classic-editor, </td>
<td></td>
<td>47</td>
<td>com.bobcares.testcases.branding@265adfad</td></tr>
<tr>
<td title='com.bobcares.testcases.branding.f1()'><b>f1</b><br>Test class: com.bobcares.testcases.branding<br>Parameters: https://bobcares.com/wp-admin/post.php?post=295877&action=edit&classic-editor, </td>
<td></td>
<td>47</td>
<td>com.bobcares.testcases.branding@265adfad</td></tr>
<tr>
<td title='com.bobcares.testcases.branding.f1()'><b>f1</b><br>Test class: com.bobcares.testcases.branding<br>Parameters: https://bobcares.com/wp-admin/post.php?post=296239&action=edit&classic-editor, </td>
<td></td>
<td>44</td>
<td>com.bobcares.testcases.branding@265adfad</td></tr>
<tr>
<td title='com.bobcares.testcases.branding.f1()'><b>f1</b><br>Test class: com.bobcares.testcases.branding<br>Parameters: https://bobcares.com/wp-admin/post.php?post=295766&action=edit&classic-editor, </td>
<td></td>
<td>42</td>
<td>com.bobcares.testcases.branding@265adfad</td></tr>
<tr>
<td title='com.bobcares.testcases.branding.f1()'><b>f1</b><br>Test class: com.bobcares.testcases.branding<br>Parameters: https://bobcares.com/wp-admin/post.php?post=295776&action=edit&classic-editor, </td>
<td></td>
<td>38</td>
<td>com.bobcares.testcases.branding@265adfad</td></tr>
<tr>
<td title='com.bobcares.testcases.branding.f1()'><b>f1</b><br>Test class: com.bobcares.testcases.branding<br>Parameters: https://bobcares.com/wp-admin/post.php?post=295801&action=edit&classic-editor, </td>
<td></td>
<td>48</td>
<td>com.bobcares.testcases.branding@265adfad</td></tr>
<tr>
<td title='com.bobcares.testcases.branding.f1()'><b>f1</b><br>Test class: com.bobcares.testcases.branding<br>Parameters: https://bobcares.com/wp-admin/post.php?post=295968&action=edit&classic-editor, </td>
<td></td>
<td>45</td>
<td>com.bobcares.testcases.branding@265adfad</td></tr>
<tr>
<td title='com.bobcares.testcases.branding.f1()'><b>f1</b><br>Test class: com.bobcares.testcases.branding<br>Parameters: https://bobcares.com/wp-admin/post.php?post=296277&action=edit&classic-editor, </td>
<td></td>
<td>48</td>
<td>com.bobcares.testcases.branding@265adfad</td></tr>
<tr>
<td title='com.bobcares.testcases.branding.f1()'><b>f1</b><br>Test class: com.bobcares.testcases.branding<br>Parameters: https://bobcares.com/wp-admin/post.php?post=295803&action=edit&classic-editor, </td>
<td></td>
<td>39</td>
<td>com.bobcares.testcases.branding@265adfad</td></tr>
<tr>
<td title='com.bobcares.testcases.branding.f1()'><b>f1</b><br>Test class: com.bobcares.testcases.branding<br>Parameters: https://bobcares.com/wp-admin/post.php?post=295786&action=edit&classic-editor, </td>
<td></td>
<td>44</td>
<td>com.bobcares.testcases.branding@265adfad</td></tr>
<tr>
<td title='com.bobcares.testcases.branding.f1()'><b>f1</b><br>Test class: com.bobcares.testcases.branding<br>Parameters: https://bobcares.com/wp-admin/post.php?post=295944&action=edit&classic-editor, </td>
<td></td>
<td>44</td>
<td>com.bobcares.testcases.branding@265adfad</td></tr>
<tr>
<td title='com.bobcares.testcases.branding.f1()'><b>f1</b><br>Test class: com.bobcares.testcases.branding<br>Parameters: https://bobcares.com/wp-admin/post.php?post=296078&action=edit&classic-editor, </td>
<td></td>
<td>42</td>
<td>com.bobcares.testcases.branding@265adfad</td></tr>
<tr>
<td title='com.bobcares.testcases.branding.f1()'><b>f1</b><br>Test class: com.bobcares.testcases.branding<br>Parameters: https://bobcares.com/wp-admin/post.php?post=296281&action=edit&classic-editor, </td>
<td></td>
<td>44</td>
<td>com.bobcares.testcases.branding@265adfad</td></tr>
<tr>
<td title='com.bobcares.testcases.branding.f1()'><b>f1</b><br>Test class: com.bobcares.testcases.branding<br>Parameters: https://bobcares.com/wp-admin/post.php?post=296304&action=edit&classic-editor, </td>
<td></td>
<td>44</td>
<td>com.bobcares.testcases.branding@265adfad</td></tr>
<tr>
<td title='com.bobcares.testcases.branding.f1()'><b>f1</b><br>Test class: com.bobcares.testcases.branding<br>Parameters: https://bobcares.com/wp-admin/post.php?post=295957&action=edit&classic-editor, </td>
<td></td>
<td>49</td>
<td>com.bobcares.testcases.branding@265adfad</td></tr>
<tr>
<td title='com.bobcares.testcases.branding.f1()'><b>f1</b><br>Test class: com.bobcares.testcases.branding<br>Parameters: https://bobcares.com/wp-admin/post.php?post=296068&action=edit&classic-editor, </td>
<td></td>
<td>44</td>
<td>com.bobcares.testcases.branding@265adfad</td></tr>
<tr>
<td title='com.bobcares.testcases.branding.f1()'><b>f1</b><br>Test class: com.bobcares.testcases.branding<br>Parameters: https://bobcares.com/wp-admin/post.php?post=295966&action=edit&classic-editor, </td>
<td></td>
<td>46</td>
<td>com.bobcares.testcases.branding@265adfad</td></tr>
<tr>
<td title='com.bobcares.testcases.branding.f1()'><b>f1</b><br>Test class: com.bobcares.testcases.branding<br>Parameters: https://bobcares.com/wp-admin/post.php?post=296380&action=edit&classic-editor, </td>
<td></td>
<td>43</td>
<td>com.bobcares.testcases.branding@265adfad</td></tr>
<tr>
<td title='com.bobcares.testcases.branding.f1()'><b>f1</b><br>Test class: com.bobcares.testcases.branding<br>Parameters: https://bobcares.com/wp-admin/post.php?post=296374&action=edit&classic-editor, </td>
<td></td>
<td>41</td>
<td>com.bobcares.testcases.branding@265adfad</td></tr>
<tr>
<td title='com.bobcares.testcases.branding.f1()'><b>f1</b><br>Test class: com.bobcares.testcases.branding<br>Parameters: https://bobcares.com/wp-admin/post.php?post=296011&action=edit&classic-editor, </td>
<td></td>
<td>63</td>
<td>com.bobcares.testcases.branding@265adfad</td></tr>
<tr>
<td title='com.bobcares.testcases.branding.f1()'><b>f1</b><br>Test class: com.bobcares.testcases.branding<br>Parameters: https://bobcares.com/wp-admin/post.php?post=295949&action=edit&classic-editor, </td>
<td></td>
<td>64</td>
<td>com.bobcares.testcases.branding@265adfad</td></tr>
<tr>
<td title='com.bobcares.testcases.branding.f1()'><b>f1</b><br>Test class: com.bobcares.testcases.branding<br>Parameters: https://bobcares.com/wp-admin/post.php?post=295795&action=edit&classic-editor, </td>
<td></td>
<td>63</td>
<td>com.bobcares.testcases.branding@265adfad</td></tr>
<tr>
<td title='com.bobcares.testcases.branding.f1()'><b>f1</b><br>Test class: com.bobcares.testcases.branding<br>Parameters: https://bobcares.com/wp-admin/post.php?post=296081&action=edit&classic-editor, </td>
<td></td>
<td>58</td>
<td>com.bobcares.testcases.branding@265adfad</td></tr>
<tr>
<td title='com.bobcares.testcases.branding.f1()'><b>f1</b><br>Test class: com.bobcares.testcases.branding<br>Parameters: https://bobcares.com/wp-admin/post.php?post=295986&action=edit&classic-editor, </td>
<td></td>
<td>57</td>
<td>com.bobcares.testcases.branding@265adfad</td></tr>
<tr>
<td title='com.bobcares.testcases.branding.f1()'><b>f1</b><br>Test class: com.bobcares.testcases.branding<br>Parameters: https://bobcares.com/wp-admin/post.php?post=295984&action=edit&classic-editor, </td>
<td></td>
<td>44</td>
<td>com.bobcares.testcases.branding@265adfad</td></tr>
<tr>
<td title='com.bobcares.testcases.branding.f1()'><b>f1</b><br>Test class: com.bobcares.testcases.branding<br>Parameters: https://bobcares.com/wp-admin/post.php?post=295981&action=edit&classic-editor, </td>
<td></td>
<td>44</td>
<td>com.bobcares.testcases.branding@265adfad</td></tr>
<tr>
<td title='com.bobcares.testcases.branding.f1()'><b>f1</b><br>Test class: com.bobcares.testcases.branding<br>Parameters: https://bobcares.com/wp-admin/post.php?post=296265&action=edit&classic-editor, </td>
<td></td>
<td>50</td>
<td>com.bobcares.testcases.branding@265adfad</td></tr>
<tr>
<td title='com.bobcares.testcases.branding.f1()'><b>f1</b><br>Test class: com.bobcares.testcases.branding<br>Parameters: https://bobcares.com/wp-admin/post.php?post=295875&action=edit&classic-editor, </td>
<td></td>
<td>47</td>
<td>com.bobcares.testcases.branding@265adfad</td></tr>
<tr>
<td title='com.bobcares.testcases.branding.f1()'><b>f1</b><br>Test class: com.bobcares.testcases.branding<br>Parameters: https://bobcares.com/wp-admin/post.php?post=296523&action=edit&classic-editor, </td>
<td></td>
<td>45</td>
<td>com.bobcares.testcases.branding@265adfad</td></tr>
<tr>
<td title='com.bobcares.testcases.branding.f1()'><b>f1</b><br>Test class: com.bobcares.testcases.branding<br>Parameters: https://bobcares.com/wp-admin/post.php?post=296519&action=edit&classic-editor, </td>
<td></td>
<td>46</td>
<td>com.bobcares.testcases.branding@265adfad</td></tr>
<tr>
<td title='com.bobcares.testcases.branding.f1()'><b>f1</b><br>Test class: com.bobcares.testcases.branding<br>Parameters: https://bobcares.com/wp-admin/post.php?post=296152&action=edit&classic-editor, </td>
<td></td>
<td>39</td>
<td>com.bobcares.testcases.branding@265adfad</td></tr>
<tr>
<td title='com.bobcares.testcases.branding.f1()'><b>f1</b><br>Test class: com.bobcares.testcases.branding<br>Parameters: https://bobcares.com/wp-admin/post.php?post=295627&action=edit&classic-editor, </td>
<td></td>
<td>36</td>
<td>com.bobcares.testcases.branding@265adfad</td></tr>
<tr>
<td title='com.bobcares.testcases.branding.f1()'><b>f1</b><br>Test class: com.bobcares.testcases.branding<br>Parameters: https://bobcares.com/wp-admin/post.php?post=295497&action=edit&classic-editor, </td>
<td></td>
<td>39</td>
<td>com.bobcares.testcases.branding@265adfad</td></tr>
<tr>
<td title='com.bobcares.testcases.branding.f1()'><b>f1</b><br>Test class: com.bobcares.testcases.branding<br>Parameters: https://bobcares.com/wp-admin/post.php?post=296207&action=edit&classic-editor, </td>
<td></td>
<td>43</td>
<td>com.bobcares.testcases.branding@265adfad</td></tr>
<tr>
<td title='com.bobcares.testcases.branding.f1()'><b>f1</b><br>Test class: com.bobcares.testcases.branding<br>Parameters: https://bobcares.com/wp-admin/post.php?post=296249&action=edit&classic-editor, </td>
<td></td>
<td>42</td>
<td>com.bobcares.testcases.branding@265adfad</td></tr>
<tr>
<td title='com.bobcares.testcases.branding.f1()'><b>f1</b><br>Test class: com.bobcares.testcases.branding<br>Parameters: https://bobcares.com/wp-admin/post.php?post=296489&action=edit&classic-editor, </td>
<td></td>
<td>43</td>
<td>com.bobcares.testcases.branding@265adfad</td></tr>
<tr>
<td title='com.bobcares.testcases.branding.f1()'><b>f1</b><br>Test class: com.bobcares.testcases.branding<br>Parameters: https://bobcares.com/wp-admin/post.php?post=296391&action=edit&classic-editor, </td>
<td></td>
<td>47</td>
<td>com.bobcares.testcases.branding@265adfad</td></tr>
<tr>
<td title='com.bobcares.testcases.branding.f1()'><b>f1</b><br>Test class: com.bobcares.testcases.branding<br>Parameters: https://bobcares.com/wp-admin/post.php?post=296582&action=edit&classic-editor, </td>
<td></td>
<td>51</td>
<td>com.bobcares.testcases.branding@265adfad</td></tr>
<tr>
<td title='com.bobcares.testcases.branding.f1()'><b>f1</b><br>Test class: com.bobcares.testcases.branding<br>Parameters: https://bobcares.com/wp-admin/post.php?post=296637&action=edit&classic-editor, </td>
<td></td>
<td>52</td>
<td>com.bobcares.testcases.branding@265adfad</td></tr>
<tr>
<td title='com.bobcares.testcases.branding.f1()'><b>f1</b><br>Test class: com.bobcares.testcases.branding<br>Parameters: https://bobcares.com/wp-admin/post.php?post=296538&action=edit&classic-editor, </td>
<td></td>
<td>45</td>
<td>com.bobcares.testcases.branding@265adfad</td></tr>
<tr>
<td title='com.bobcares.testcases.branding.f1()'><b>f1</b><br>Test class: com.bobcares.testcases.branding<br>Parameters: https://bobcares.com/wp-admin/post.php?post=296452&action=edit&classic-editor, </td>
<td></td>
<td>40</td>
<td>com.bobcares.testcases.branding@265adfad</td></tr>
<tr>
<td title='com.bobcares.testcases.branding.f1()'><b>f1</b><br>Test class: com.bobcares.testcases.branding<br>Parameters: https://bobcares.com/wp-admin/post.php?post=296389&action=edit&classic-editor, </td>
<td></td>
<td>46</td>
<td>com.bobcares.testcases.branding@265adfad</td></tr>
<tr>
<td title='com.bobcares.testcases.branding.f1()'><b>f1</b><br>Test class: com.bobcares.testcases.branding<br>Parameters: https://bobcares.com/wp-admin/post.php?post=296531&action=edit&classic-editor, </td>
<td></td>
<td>44</td>
<td>com.bobcares.testcases.branding@265adfad</td></tr>
<tr>
<td title='com.bobcares.testcases.branding.f1()'><b>f1</b><br>Test class: com.bobcares.testcases.branding<br>Parameters: https://bobcares.com/wp-admin/post.php?post=296556&action=edit&classic-editor, </td>
<td></td>
<td>38</td>
<td>com.bobcares.testcases.branding@265adfad</td></tr>
<tr>
<td title='com.bobcares.testcases.branding.f1()'><b>f1</b><br>Test class: com.bobcares.testcases.branding<br>Parameters: https://bobcares.com/wp-admin/post.php?post=296527&action=edit&classic-editor, </td>
<td></td>
<td>41</td>
<td>com.bobcares.testcases.branding@265adfad</td></tr>
<tr>
<td title='com.bobcares.testcases.branding.f1()'><b>f1</b><br>Test class: com.bobcares.testcases.branding<br>Parameters: https://bobcares.com/wp-admin/post.php?post=296018&action=edit&classic-editor, </td>
<td></td>
<td>45</td>
<td>com.bobcares.testcases.branding@265adfad</td></tr>
<tr>
<td title='com.bobcares.testcases.branding.f1()'><b>f1</b><br>Test class: com.bobcares.testcases.branding<br>Parameters: https://bobcares.com/wp-admin/post.php?post=296690&action=edit&classic-editor, </td>
<td></td>
<td>49</td>
<td>com.bobcares.testcases.branding@265adfad</td></tr>
<tr>
<td title='com.bobcares.testcases.branding.f1()'><b>f1</b><br>Test class: com.bobcares.testcases.branding<br>Parameters: https://bobcares.com/wp-admin/post.php?post=296449&action=edit&classic-editor, </td>
<td></td>
<td>43</td>
<td>com.bobcares.testcases.branding@265adfad</td></tr>
<tr>
<td title='com.bobcares.testcases.branding.f1()'><b>f1</b><br>Test class: com.bobcares.testcases.branding<br>Parameters: https://bobcares.com/wp-admin/post.php?post=296665&action=edit&classic-editor, </td>
<td></td>
<td>43</td>
<td>com.bobcares.testcases.branding@265adfad</td></tr>
<tr>
<td title='com.bobcares.testcases.branding.f1()'><b>f1</b><br>Test class: com.bobcares.testcases.branding<br>Parameters: https://bobcares.com/wp-admin/post.php?post=296590&action=edit&classic-editor, </td>
<td></td>
<td>44</td>
<td>com.bobcares.testcases.branding@265adfad</td></tr>
<tr>
<td title='com.bobcares.testcases.branding.f1()'><b>f1</b><br>Test class: com.bobcares.testcases.branding<br>Parameters: https://bobcares.com/wp-admin/post.php?post=296768&action=edit&classic-editor, </td>
<td></td>
<td>43</td>
<td>com.bobcares.testcases.branding@265adfad</td></tr>
<tr>
<td title='com.bobcares.testcases.branding.f1()'><b>f1</b><br>Test class: com.bobcares.testcases.branding<br>Parameters: https://bobcares.com/wp-admin/post.php?post=296102&action=edit&classic-editor, </td>
<td></td>
<td>45</td>
<td>com.bobcares.testcases.branding@265adfad</td></tr>
<tr>
<td title='com.bobcares.testcases.branding.f1()'><b>f1</b><br>Test class: com.bobcares.testcases.branding<br>Parameters: https://bobcares.com/wp-admin/post.php?post=296253&action=edit&classic-editor, </td>
<td></td>
<td>44</td>
<td>com.bobcares.testcases.branding@265adfad</td></tr>
<tr>
<td title='com.bobcares.testcases.branding.f1()'><b>f1</b><br>Test class: com.bobcares.testcases.branding<br>Parameters: https://bobcares.com/wp-admin/post.php?post=296066&action=edit&classic-editor, </td>
<td></td>
<td>60</td>
<td>com.bobcares.testcases.branding@265adfad</td></tr>
<tr>
<td title='com.bobcares.testcases.branding.f1()'><b>f1</b><br>Test class: com.bobcares.testcases.branding<br>Parameters: https://bobcares.com/wp-admin/post.php?post=296713&action=edit&classic-editor, </td>
<td></td>
<td>47</td>
<td>com.bobcares.testcases.branding@265adfad</td></tr>
<tr>
<td title='com.bobcares.testcases.branding.f1()'><b>f1</b><br>Test class: com.bobcares.testcases.branding<br>Parameters: https://bobcares.com/wp-admin/post.php?post=296816&action=edit&classic-editor, </td>
<td></td>
<td>51</td>
<td>com.bobcares.testcases.branding@265adfad</td></tr>
<tr>
<td title='com.bobcares.testcases.branding.f1()'><b>f1</b><br>Test class: com.bobcares.testcases.branding<br>Parameters: https://bobcares.com/wp-admin/post.php?post=296822&action=edit&classic-editor, </td>
<td></td>
<td>48</td>
<td>com.bobcares.testcases.branding@265adfad</td></tr>
<tr>
<td title='com.bobcares.testcases.branding.f1()'><b>f1</b><br>Test class: com.bobcares.testcases.branding<br>Parameters: https://bobcares.com/wp-admin/post.php?post=296257&action=edit&classic-editor, </td>
<td></td>
<td>44</td>
<td>com.bobcares.testcases.branding@265adfad</td></tr>
<tr>
<td title='com.bobcares.testcases.branding.f1()'><b>f1</b><br>Test class: com.bobcares.testcases.branding<br>Parameters: https://bobcares.com/wp-admin/post.php?post=296535&action=edit&classic-editor, </td>
<td></td>
<td>42</td>
<td>com.bobcares.testcases.branding@265adfad</td></tr>
<tr>
<td title='com.bobcares.testcases.branding.f1()'><b>f1</b><br>Test class: com.bobcares.testcases.branding<br>Parameters: https://bobcares.com/wp-admin/post.php?post=296663&action=edit&classic-editor, </td>
<td></td>
<td>45</td>
<td>com.bobcares.testcases.branding@265adfad</td></tr>
<tr>
<td title='com.bobcares.testcases.branding.f1()'><b>f1</b><br>Test class: com.bobcares.testcases.branding<br>Parameters: https://bobcares.com/wp-admin/post.php?post=296897&action=edit&classic-editor, </td>
<td></td>
<td>49</td>
<td>com.bobcares.testcases.branding@265adfad</td></tr>
<tr>
<td title='com.bobcares.testcases.branding.f1()'><b>f1</b><br>Test class: com.bobcares.testcases.branding<br>Parameters: https://bobcares.com/wp-admin/post.php?post=296444&action=edit&classic-editor, </td>
<td></td>
<td>46</td>
<td>com.bobcares.testcases.branding@265adfad</td></tr>
<tr>
<td title='com.bobcares.testcases.branding.f1()'><b>f1</b><br>Test class: com.bobcares.testcases.branding<br>Parameters: https://bobcares.com/wp-admin/post.php?post=296440&action=edit&classic-editor, </td>
<td></td>
<td>44</td>
<td>com.bobcares.testcases.branding@265adfad</td></tr>
<tr>
<td title='com.bobcares.testcases.branding.f1()'><b>f1</b><br>Test class: com.bobcares.testcases.branding<br>Parameters: https://bobcares.com/wp-admin/post.php?post=296707&action=edit&classic-editor, </td>
<td></td>
<td>42</td>
<td>com.bobcares.testcases.branding@265adfad</td></tr>
<tr>
<td title='com.bobcares.testcases.branding.f1()'><b>f1</b><br>Test class: com.bobcares.testcases.branding<br>Parameters: https://bobcares.com/wp-admin/post.php?post=296791&action=edit&classic-editor, </td>
<td></td>
<td>44</td>
<td>com.bobcares.testcases.branding@265adfad</td></tr>
<tr>
<td title='com.bobcares.testcases.branding.f1()'><b>f1</b><br>Test class: com.bobcares.testcases.branding<br>Parameters: https://bobcares.com/wp-admin/post.php?post=296959&action=edit&classic-editor, </td>
<td></td>
<td>48</td>
<td>com.bobcares.testcases.branding@265adfad</td></tr>
<tr>
<td title='com.bobcares.testcases.branding.f1()'><b>f1</b><br>Test class: com.bobcares.testcases.branding<br>Parameters: https://bobcares.com/wp-admin/post.php?post=296623&action=edit&classic-editor, </td>
<td></td>
<td>42</td>
<td>com.bobcares.testcases.branding@265adfad</td></tr>
<tr>
<td title='com.bobcares.testcases.branding.f1()'><b>f1</b><br>Test class: com.bobcares.testcases.branding<br>Parameters: https://bobcares.com/wp-admin/post.php?post=296789&action=edit&classic-editor, </td>
<td></td>
<td>41</td>
<td>com.bobcares.testcases.branding@265adfad</td></tr>
<tr>
<td title='com.bobcares.testcases.branding.f1()'><b>f1</b><br>Test class: com.bobcares.testcases.branding<br>Parameters: https://bobcares.com/wp-admin/post.php?post=296831&action=edit&classic-editor, </td>
<td></td>
<td>43</td>
<td>com.bobcares.testcases.branding@265adfad</td></tr>
<tr>
<td title='com.bobcares.testcases.branding.f1()'><b>f1</b><br>Test class: com.bobcares.testcases.branding<br>Parameters: https://bobcares.com/wp-admin/post.php?post=296997&action=edit&classic-editor, </td>
<td></td>
<td>43</td>
<td>com.bobcares.testcases.branding@265adfad</td></tr>
<tr>
<td title='com.bobcares.testcases.branding.f1()'><b>f1</b><br>Test class: com.bobcares.testcases.branding<br>Parameters: https://bobcares.com/wp-admin/post.php?post=296651&action=edit&classic-editor, </td>
<td></td>
<td>38</td>
<td>com.bobcares.testcases.branding@265adfad</td></tr>
<tr>
<td title='com.bobcares.testcases.branding.f1()'><b>f1</b><br>Test class: com.bobcares.testcases.branding<br>Parameters: https://bobcares.com/wp-admin/post.php?post=296711&action=edit&classic-editor, </td>
<td></td>
<td>48</td>
<td>com.bobcares.testcases.branding@265adfad</td></tr>
<tr>
<td title='com.bobcares.testcases.branding.f1()'><b>f1</b><br>Test class: com.bobcares.testcases.branding<br>Parameters: https://bobcares.com/wp-admin/post.php?post=296661&action=edit&classic-editor, </td>
<td></td>
<td>46</td>
<td>com.bobcares.testcases.branding@265adfad</td></tr>
<tr>
<td title='com.bobcares.testcases.branding.f1()'><b>f1</b><br>Test class: com.bobcares.testcases.branding<br>Parameters: https://bobcares.com/wp-admin/post.php?post=296827&action=edit&classic-editor, </td>
<td></td>
<td>44</td>
<td>com.bobcares.testcases.branding@265adfad</td></tr>
<tr>
<td title='com.bobcares.testcases.branding.f1()'><b>f1</b><br>Test class: com.bobcares.testcases.branding<br>Parameters: https://bobcares.com/wp-admin/post.php?post=297070&action=edit&classic-editor, </td>
<td></td>
<td>47</td>
<td>com.bobcares.testcases.branding@265adfad</td></tr>
<tr>
<td title='com.bobcares.testcases.branding.f1()'><b>f1</b><br>Test class: com.bobcares.testcases.branding<br>Parameters: https://bobcares.com/wp-admin/post.php?post=297120&action=edit&classic-editor, </td>
<td></td>
<td>48</td>
<td>com.bobcares.testcases.branding@265adfad</td></tr>
<tr>
<td title='com.bobcares.testcases.branding.f1()'><b>f1</b><br>Test class: com.bobcares.testcases.branding<br>Parameters: https://bobcares.com/wp-admin/post.php?post=296447&action=edit&classic-editor, </td>
<td></td>
<td>43</td>
<td>com.bobcares.testcases.branding@265adfad</td></tr>
<tr>
<td title='com.bobcares.testcases.branding.f1()'><b>f1</b><br>Test class: com.bobcares.testcases.branding<br>Parameters: https://bobcares.com/wp-admin/post.php?post=296467&action=edit&classic-editor, </td>
<td></td>
<td>43</td>
<td>com.bobcares.testcases.branding@265adfad</td></tr>
<tr>
<td title='com.bobcares.testcases.branding.f1()'><b>f1</b><br>Test class: com.bobcares.testcases.branding<br>Parameters: https://bobcares.com/wp-admin/post.php?post=297235&action=edit&classic-editor, </td>
<td></td>
<td>44</td>
<td>com.bobcares.testcases.branding@265adfad</td></tr>
<tr>
<td title='com.bobcares.testcases.branding.f1()'><b>f1</b><br>Test class: com.bobcares.testcases.branding<br>Parameters: https://bobcares.com/wp-admin/post.php?post=296749&action=edit&classic-editor, </td>
<td></td>
<td>44</td>
<td>com.bobcares.testcases.branding@265adfad</td></tr>
<tr>
<td title='com.bobcares.testcases.branding.f1()'><b>f1</b><br>Test class: com.bobcares.testcases.branding<br>Parameters: https://bobcares.com/wp-admin/post.php?post=296784&action=edit&classic-editor, </td>
<td></td>
<td>41</td>
<td>com.bobcares.testcases.branding@265adfad</td></tr>
<tr>
<td title='com.bobcares.testcases.branding.f1()'><b>f1</b><br>Test class: com.bobcares.testcases.branding<br>Parameters: https://bobcares.com/wp-admin/post.php?post=295629&action=edit&classic-editor, </td>
<td></td>
<td>49</td>
<td>com.bobcares.testcases.branding@265adfad</td></tr>
<tr>
<td title='com.bobcares.testcases.branding.f1()'><b>f1</b><br>Test class: com.bobcares.testcases.branding<br>Parameters: https://bobcares.com/wp-admin/post.php?post=296317&action=edit&classic-editor, </td>
<td></td>
<td>48</td>
<td>com.bobcares.testcases.branding@265adfad</td></tr>
<tr>
<td title='com.bobcares.testcases.branding.f1()'><b>f1</b><br>Test class: com.bobcares.testcases.branding<br>Parameters: https://bobcares.com/wp-admin/post.php?post=297157&action=edit&classic-editor, </td>
<td></td>
<td>48</td>
<td>com.bobcares.testcases.branding@265adfad</td></tr>
<tr>
<td title='com.bobcares.testcases.branding.f1()'><b>f1</b><br>Test class: com.bobcares.testcases.branding<br>Parameters: https://bobcares.com/wp-admin/post.php?post=296656&action=edit&classic-editor, </td>
<td></td>
<td>41</td>
<td>com.bobcares.testcases.branding@265adfad</td></tr>
</table><p>
</body>
</html>