<?xml version="1.0" encoding="UTF-8"?>
<!-- Generated by org.testng.reporters.JUnitReportReporter -->
<testsuite hostname="DESKTOP-LHVEUFN" failures="0" tests="66" name="com.bobcares.testcases.branding" time="3059.365" errors="1" timestamp="2022-11-28T17:44:23 IST" skipped="0">
  <testcase classname="com.bobcares.testcases.branding" name="f1" time="44.905"/>
  <system-out/>
  <testcase classname="com.bobcares.testcases.branding" name="f1" time="48.390"/>
  <system-out/>
  <testcase classname="com.bobcares.testcases.branding" name="f1" time="43.894"/>
  <system-out/>
  <testcase classname="com.bobcares.testcases.branding" name="f1" time="42.856"/>
  <system-out/>
  <testcase classname="com.bobcares.testcases.branding" name="f1" time="47.595"/>
  <system-out/>
  <testcase classname="com.bobcares.testcases.branding" name="f1" time="47.050"/>
  <system-out/>
  <testcase classname="com.bobcares.testcases.branding" name="f1" time="44.361"/>
  <system-out/>
  <testcase classname="com.bobcares.testcases.branding" name="f1" time="44.385"/>
  <system-out/>
  <testcase classname="com.bobcares.testcases.branding" name="f1" time="47.451"/>
  <system-out/>
  <testcase classname="com.bobcares.testcases.branding" name="f1" time="44.003"/>
  <system-out/>
  <testcase classname="com.bobcares.testcases.branding" name="f1" time="46.325"/>
  <system-out/>
  <testcase classname="com.bobcares.testcases.branding" name="f1" time="45.598"/>
  <system-out/>
  <testcase classname="com.bobcares.testcases.branding" name="f1" time="49.193"/>
  <system-out/>
  <testcase classname="com.bobcares.testcases.branding" name="f1" time="48.340"/>
  <system-out/>
  <testcase classname="com.bobcares.testcases.branding" name="f1" time="50.854"/>
  <system-out/>
  <testcase classname="com.bobcares.testcases.branding" name="f1" time="44.708"/>
  <system-out/>
  <testcase classname="com.bobcares.testcases.branding" name="f1" time="49.776"/>
  <system-out/>
  <testcase classname="com.bobcares.testcases.branding" name="f1" time="44.305"/>
  <system-out/>
  <testcase classname="com.bobcares.testcases.branding" name="f1" time="49.948"/>
  <system-out/>
  <testcase classname="com.bobcares.testcases.branding" name="f1" time="45.535"/>
  <system-out/>
  <testcase classname="com.bobcares.testcases.branding" name="f1" time="46.787"/>
  <system-out/>
  <testcase classname="com.bobcares.testcases.branding" name="f1" time="46.292"/>
  <system-out/>
  <testcase classname="com.bobcares.testcases.branding" name="f1" time="44.295"/>
  <system-out/>
  <testcase classname="com.bobcares.testcases.branding" name="f1" time="48.513"/>
  <system-out/>
  <testcase classname="com.bobcares.testcases.branding" name="f1" time="43.839"/>
  <system-out/>
  <testcase classname="com.bobcares.testcases.branding" name="f1" time="46.650"/>
  <system-out/>
  <testcase classname="com.bobcares.testcases.branding" name="f1" time="49.565"/>
  <system-out/>
  <testcase classname="com.bobcares.testcases.branding" name="f1" time="47.585"/>
  <system-out/>
  <testcase classname="com.bobcares.testcases.branding" name="f1" time="44.000"/>
  <system-out/>
  <testcase classname="com.bobcares.testcases.branding" name="f1" time="43.304"/>
  <system-out/>
  <testcase classname="com.bobcares.testcases.branding" name="f1" time="45.937"/>
  <system-out/>
  <testcase classname="com.bobcares.testcases.branding" name="f1" time="47.113"/>
  <system-out/>
  <testcase classname="com.bobcares.testcases.branding" name="f1" time="47.310"/>
  <system-out/>
  <testcase classname="com.bobcares.testcases.branding" name="f1" time="42.787"/>
  <system-out/>
  <testcase classname="com.bobcares.testcases.branding" name="f1" time="46.939"/>
  <system-out/>
  <testcase classname="com.bobcares.testcases.branding" name="f1" time="47.252"/>
  <system-out/>
  <testcase classname="com.bobcares.testcases.branding" name="f1" time="47.972"/>
  <system-out/>
  <testcase classname="com.bobcares.testcases.branding" name="f1" time="50.470"/>
  <system-out/>
  <testcase classname="com.bobcares.testcases.branding" name="f1" time="45.151"/>
  <system-out/>
  <testcase classname="com.bobcares.testcases.branding" name="f1" time="47.445"/>
  <system-out/>
  <testcase classname="com.bobcares.testcases.branding" name="f1" time="43.272"/>
  <system-out/>
  <testcase classname="com.bobcares.testcases.branding" name="f1" time="47.469"/>
  <system-out/>
  <testcase classname="com.bobcares.testcases.branding" name="f1" time="43.312"/>
  <system-out/>
  <testcase classname="com.bobcares.testcases.branding" name="f1" time="47.525"/>
  <system-out/>
  <testcase classname="com.bobcares.testcases.branding" name="f1" time="49.802"/>
  <system-out/>
  <testcase classname="com.bobcares.testcases.branding" name="f1" time="53.954"/>
  <system-out/>
  <testcase classname="com.bobcares.testcases.branding" name="f1" time="44.870"/>
  <system-out/>
  <testcase classname="com.bobcares.testcases.branding" name="f1" time="47.109"/>
  <system-out/>
  <testcase classname="com.bobcares.testcases.branding" name="f1" time="45.627"/>
  <system-out/>
  <testcase classname="com.bobcares.testcases.branding" name="f1" time="43.543"/>
  <system-out/>
  <testcase classname="com.bobcares.testcases.branding" name="f1" time="42.769"/>
  <system-out/>
  <testcase classname="com.bobcares.testcases.branding" name="f1" time="48.503"/>
  <system-out/>
  <testcase classname="com.bobcares.testcases.branding" name="f1" time="47.245"/>
  <system-out/>
  <testcase classname="com.bobcares.testcases.branding" name="f1" time="47.240"/>
  <system-out/>
  <testcase classname="com.bobcares.testcases.branding" name="f1" time="44.819"/>
  <system-out/>
  <testcase classname="com.bobcares.testcases.branding" name="f1" time="47.294"/>
  <system-out/>
  <testcase classname="com.bobcares.testcases.branding" name="f1" time="47.163"/>
  <system-out/>
  <testcase classname="com.bobcares.testcases.branding" name="f1" time="48.936"/>
  <system-out/>
  <testcase classname="com.bobcares.testcases.branding" name="f1" time="50.951"/>
  <system-out/>
  <testcase classname="com.bobcares.testcases.branding" name="f1" time="45.234"/>
  <system-out/>
  <testcase classname="com.bobcares.testcases.branding" name="f1" time="44.424"/>
  <system-out/>
  <testcase classname="com.bobcares.testcases.branding" name="f1" time="47.795"/>
  <system-out/>
  <testcase classname="com.bobcares.testcases.branding" name="f1" time="48.714"/>
  <system-out/>
  <testcase classname="com.bobcares.testcases.branding" name="f1" time="45.675"/>
  <system-out/>
  <testcase classname="com.bobcares.testcases.branding" name="f1" time="30.133">
    <error message="Unable to locate element: //span[contains(text(),&#039;Insights&#039;)]
For documentation on this error, please visit: https://www.seleniumhq.org/exceptions/no_such_element.html
Build info: version: &#039;3.141.59&#039;, revision: &#039;e82be7d358&#039;, time: &#039;2018-11-14T08:25:59&#039;
System info: host: &#039;DESKTOP-LHVEUFN&#039;, ip: &#039;192.168.56.1&#039;, os.name: &#039;Windows 10&#039;, os.arch: &#039;amd64&#039;, os.version: &#039;10.0&#039;, java.version: &#039;17.0.1&#039;
Driver info: org.openqa.selenium.firefox.FirefoxDriver
Capabilities {acceptInsecureCerts: true, browserName: firefox, browserVersion: 106.0.3, javascriptEnabled: true, moz:accessibilityChecks: false, moz:buildID: 20221030091646, moz:geckodriverVersion: 0.31.0, moz:headless: true, moz:platformVersion: 10.0, moz:processID: 748, moz:profile: C:\Users\nandu\AppData\Loca..., moz:shutdownTimeout: 60000, moz:useNonSpecCompliantPointerOrigin: false, moz:webdriverClick: true, moz:windowless: false, pageLoadStrategy: normal, platform: WINDOWS, platformName: WINDOWS, proxy: Proxy(), setWindowRect: true, strictFileInteractability: false, timeouts: {implicit: 0, pageLoad: 300000, script: 30000}, unhandledPromptBehavior: dismiss and notify}
Session ID: 41724e28-cd2a-41fb-9c3c-ee878462eaa2
*** Element info: {Using=xpath, value=//span[contains(text(),&#039;Insights&#039;)]}" type="org.openqa.selenium.NoSuchElementException">
      <![CDATA[org.openqa.selenium.NoSuchElementException: Unable to locate element: //span[contains(text(),'Insights')]
For documentation on this error, please visit: https://www.seleniumhq.org/exceptions/no_such_element.html
Build info: version: '3.141.59', revision: 'e82be7d358', time: '2018-11-14T08:25:59'
System info: host: 'DESKTOP-LHVEUFN', ip: '192.168.56.1', os.name: 'Windows 10', os.arch: 'amd64', os.version: '10.0', java.version: '17.0.1'
Driver info: org.openqa.selenium.firefox.FirefoxDriver
Capabilities {acceptInsecureCerts: true, browserName: firefox, browserVersion: 106.0.3, javascriptEnabled: true, moz:accessibilityChecks: false, moz:buildID: 20221030091646, moz:geckodriverVersion: 0.31.0, moz:headless: true, moz:platformVersion: 10.0, moz:processID: 748, moz:profile: C:\Users\nandu\AppData\Loca..., moz:shutdownTimeout: 60000, moz:useNonSpecCompliantPointerOrigin: false, moz:webdriverClick: true, moz:windowless: false, pageLoadStrategy: normal, platform: WINDOWS, platformName: WINDOWS, proxy: Proxy(), setWindowRect: true, strictFileInteractability: false, timeouts: {implicit: 0, pageLoad: 300000, script: 30000}, unhandledPromptBehavior: dismiss and notify}
Session ID: 41724e28-cd2a-41fb-9c3c-ee878462eaa2
*** Element info: {Using=xpath, value=//span[contains(text(),'Insights')]}
at java.base/jdk.internal.reflect.NativeConstructorAccessorImpl.newInstance0(Native Method)
at java.base/jdk.internal.reflect.NativeConstructorAccessorImpl.newInstance(NativeConstructorAccessorImpl.java:77)
at java.base/jdk.internal.reflect.DelegatingConstructorAccessorImpl.newInstance(DelegatingConstructorAccessorImpl.java:45)
at java.base/java.lang.reflect.Constructor.newInstanceWithCaller(Constructor.java:499)
at java.base/java.lang.reflect.Constructor.newInstance(Constructor.java:480)
at org.openqa.selenium.remote.http.W3CHttpResponseCodec.createException(W3CHttpResponseCodec.java:187)
at org.openqa.selenium.remote.http.W3CHttpResponseCodec.decode(W3CHttpResponseCodec.java:122)
at org.openqa.selenium.remote.http.W3CHttpResponseCodec.decode(W3CHttpResponseCodec.java:49)
at org.openqa.selenium.remote.HttpCommandExecutor.execute(HttpCommandExecutor.java:158)
at org.openqa.selenium.remote.service.DriverCommandExecutor.execute(DriverCommandExecutor.java:83)
at org.openqa.selenium.remote.RemoteWebDriver.execute(RemoteWebDriver.java:552)
at org.openqa.selenium.remote.RemoteWebDriver.findElement(RemoteWebDriver.java:323)
at org.openqa.selenium.remote.RemoteWebDriver.findElementByXPath(RemoteWebDriver.java:428)
at org.openqa.selenium.By$ByXPath.findElement(By.java:353)
at org.openqa.selenium.remote.RemoteWebDriver.findElement(RemoteWebDriver.java:315)
at com.bobcares.testcases.branding.f1(branding.java:70)
at jdk.internal.reflect.GeneratedMethodAccessor5.invoke(Unknown Source)
at java.base/jdk.internal.reflect.DelegatingMethodAccessorImpl.invoke(DelegatingMethodAccessorImpl.java:43)
at java.base/java.lang.reflect.Method.invoke(Method.java:568)
at org.testng.internal.MethodInvocationHelper.invokeMethod(MethodInvocationHelper.java:133)
at org.testng.internal.TestInvoker.invokeMethod(TestInvoker.java:598)
at org.testng.internal.TestInvoker.invokeTestMethod(TestInvoker.java:173)
at org.testng.internal.MethodRunner.runInSequence(MethodRunner.java:46)
at org.testng.internal.TestInvoker$MethodInvocationAgent.invoke(TestInvoker.java:824)
at org.testng.internal.TestInvoker.invokeTestMethods(TestInvoker.java:146)
at org.testng.internal.TestMethodWorker.invokeTestMethods(TestMethodWorker.java:146)
at org.testng.internal.TestMethodWorker.run(TestMethodWorker.java:128)
at java.base/java.util.ArrayList.forEach(ArrayList.java:1511)
at org.testng.TestRunner.privateRun(TestRunner.java:794)
at org.testng.TestRunner.run(TestRunner.java:596)
at org.testng.SuiteRunner.runTest(SuiteRunner.java:377)
at org.testng.SuiteRunner.runSequentially(SuiteRunner.java:371)
at org.testng.SuiteRunner.privateRun(SuiteRunner.java:332)
at org.testng.SuiteRunner.run(SuiteRunner.java:276)
at org.testng.SuiteRunnerWorker.runSuite(SuiteRunnerWorker.java:53)
at org.testng.SuiteRunnerWorker.run(SuiteRunnerWorker.java:96)
at org.testng.TestNG.runSuitesSequentially(TestNG.java:1212)
at org.testng.TestNG.runSuitesLocally(TestNG.java:1134)
at org.testng.TestNG.runSuites(TestNG.java:1063)
at org.testng.TestNG.run(TestNG.java:1031)
at org.testng.remote.AbstractRemoteTestNG.run(AbstractRemoteTestNG.java:115)
at org.testng.remote.RemoteTestNG.initAndRun(RemoteTestNG.java:251)
at org.testng.remote.RemoteTestNG.main(RemoteTestNG.java:77)
]]>
    </error>
  </testcase> <!-- f1 -->
  <system-out/>
  <testcase classname="com.bobcares.testcases.branding" name="f1" time="47.309"/>
  <system-out/>
</testsuite> <!-- com.bobcares.testcases.branding -->
